MONGODB | EVENT: #<TopologyOpening topology=Unknown[]>
MONGODB | Topology type 'unknown' initializing.
MONGODB | EVENT: #<TopologyChanged prev=Unknown[] new=Unknown[localhost:27017]>
MONGODB | Topology type 'Unknown' changed to type 'Unknown'.
MONGODB | EVENT: #<ServerOpening address=localhost:27017 topology=Unknown[localhost:27017]>
MONGODB | Server localhost:27017 initializing.
MONGODB | EVENT: #<ServerDescriptionChanged address=localhost:27017 topology=Single[localhost:27017] prev=#<Mongo::Server:Description:0x47391720016820 config={} average_round_trip_time=> new=#<Mongo::Server:Description:0x70119972222240 config={"ismaster"=>true, "maxBsonObjectSize"=>16777216, "maxMessageSizeBytes"=>48000000, "maxWriteBatchSize"=>100000, "localTime"=>2020-07-02 12:41:19 UTC, "logicalSessionTimeoutMinutes"=>30, "minWireVersion"=>0, "maxWireVersion"=>6, "readOnly"=>false, "ok"=>1.0} average_round_trip_time=0.001917585>>
MONGODB | Server description for localhost:27017 changed from 'unknown' to 'standalone'.
MONGODB | EVENT: #<TopologyChanged prev=Unknown[localhost:27017] new=Single[localhost:27017]>
MONGODB | Topology type 'Unknown' changed to type 'Single'.
MONGODB | localhost:27017 | products_api_development.insert | STARTED | {"insert"=>"products", "ordered"=>true, "documents"=>[{"_id"=>BSON::ObjectId('5efdd5ef2f65586ae84a39d1'), "sku"=>"teste01", "name"=>"Provident veniam incidunt vitae.", "description"=>"Tener voluntarius adamo.", "price"=>91.09, "promotional_price"=>76....
MONGODB | localhost:27017 | products_api_development.insert | SUCCEEDED | 0.082s
MONGODB | localhost:27017 | products_api_development.insert | STARTED | {"insert"=>"products", "ordered"=>true, "documents"=>[{"_id"=>BSON::ObjectId('5efdd5ef2f65586ae84a39d2'), "sku"=>"teste02", "name"=>"Qui sed est quis.", "description"=>"Attero eaque dignissimos.", "price"=>76.01, "promotional_price"=>71.03, "qty"=>26}...
MONGODB | localhost:27017 | products_api_development.insert | SUCCEEDED | 0.001s
MONGODB | localhost:27017 | products_api_development.insert | STARTED | {"insert"=>"products", "ordered"=>true, "documents"=>[{"_id"=>BSON::ObjectId('5efdd5ef2f65586ae84a39d3'), "sku"=>"teste03", "name"=>"Natus adipisci sed delectus.", "description"=>"Trucido usque convoco.", "price"=>42.07, "promotional_price"=>32.06, "q...
MONGODB | localhost:27017 | products_api_development.insert | SUCCEEDED | 0.001s
MONGODB | localhost:27017 | products_api_development.insert | STARTED | {"insert"=>"products", "ordered"=>true, "documents"=>[{"_id"=>BSON::ObjectId('5efdd5ef2f65586ae84a39d4'), "sku"=>"teste04", "name"=>"Consectetur possimus velit cumque.", "description"=>"Praesentium accusantium sed.", "price"=>48.09, "promotional_price...
MONGODB | localhost:27017 | products_api_development.insert | SUCCEEDED | 0.000s
MONGODB | localhost:27017 | products_api_development.insert | STARTED | {"insert"=>"products", "ordered"=>true, "documents"=>[{"_id"=>BSON::ObjectId('5efdd5ef2f65586ae84a39d5'), "sku"=>"teste05", "name"=>"Id minus autem labore.", "description"=>"Caveo tergeo accedo.", "price"=>99.02, "promotional_price"=>47.03, "qty"=>25}...
MONGODB | localhost:27017 | products_api_development.insert | SUCCEEDED | 0.000s
MONGODB | localhost:27017 | products_api_development.insert | STARTED | {"insert"=>"products", "ordered"=>true, "documents"=>[{"_id"=>BSON::ObjectId('5efdd5ef2f65586ae84a39d6'), "sku"=>"teste06", "name"=>"Voluptatem veritatis rerum quaerat.", "description"=>"Comitatus degenero solio.", "price"=>61.07, "promotional_price"=...
MONGODB | localhost:27017 | products_api_development.insert | SUCCEEDED | 0.000s
MONGODB | localhost:27017 | products_api_development.insert | STARTED | {"insert"=>"products", "ordered"=>true, "documents"=>[{"_id"=>BSON::ObjectId('5efdd5ef2f65586ae84a39d7'), "sku"=>"teste07", "name"=>"Quidem placeat laborum consequatur.", "description"=>"Denuncio defigo beatus.", "price"=>21.06, "promotional_price"=>6...
MONGODB | localhost:27017 | products_api_development.insert | SUCCEEDED | 0.000s
MONGODB | localhost:27017 | products_api_development.insert | STARTED | {"insert"=>"products", "ordered"=>true, "documents"=>[{"_id"=>BSON::ObjectId('5efdd5ef2f65586ae84a39d8'), "sku"=>"teste08", "name"=>"Nemo qui doloribus est.", "description"=>"Atavus calamitas nemo.", "price"=>96.05, "promotional_price"=>73.03, "qty"=>...
MONGODB | localhost:27017 | products_api_development.insert | SUCCEEDED | 0.000s
MONGODB | localhost:27017 | products_api_development.insert | STARTED | {"insert"=>"products", "ordered"=>true, "documents"=>[{"_id"=>BSON::ObjectId('5efdd5ef2f65586ae84a39d9'), "sku"=>"teste09", "name"=>"Voluptas exercitationem id totam.", "description"=>"Dolorem copia venio.", "price"=>78.06, "promotional_price"=>81.03,...
MONGODB | localhost:27017 | products_api_development.insert | SUCCEEDED | 0.000s
MONGODB | localhost:27017 | products_api_development.insert | STARTED | {"insert"=>"products", "ordered"=>true, "documents"=>[{"_id"=>BSON::ObjectId('5efdd5ef2f65586ae84a39da'), "sku"=>"teste010", "name"=>"Minus quam est qui.", "description"=>"Coruscus virtus arto.", "price"=>34.03, "promotional_price"=>46.06, "qty"=>81}]...
MONGODB | localhost:27017 | products_api_development.insert | SUCCEEDED | 0.000s
MONGODB | localhost:27017 | products_api_development.insert | STARTED | {"insert"=>"products", "ordered"=>true, "documents"=>[{"_id"=>BSON::ObjectId('5efdd5ef2f65586ae84a39db'), "sku"=>"teste011", "name"=>"A occaecati quas facilis.", "description"=>"Tamquam decerno benevolentia.", "price"=>36.02, "promotional_price"=>42.0...
MONGODB | localhost:27017 | products_api_development.insert | SUCCEEDED | 0.000s
MONGODB | localhost:27017 | products_api_development.insert | STARTED | {"insert"=>"products", "ordered"=>true, "documents"=>[{"_id"=>BSON::ObjectId('5efdd5ef2f65586ae84a39dc'), "sku"=>"teste012", "name"=>"Soluta voluptas molestias magnam.", "description"=>"Aeger assumenda venia.", "price"=>45.02, "promotional_price"=>70....
MONGODB | localhost:27017 | products_api_development.insert | SUCCEEDED | 0.000s
MONGODB | localhost:27017 | products_api_development.insert | STARTED | {"insert"=>"products", "ordered"=>true, "documents"=>[{"_id"=>BSON::ObjectId('5efdd5ef2f65586ae84a39dd'), "sku"=>"teste013", "name"=>"Consequatur similique qui voluptatem.", "description"=>"Tantum suscipio statua.", "price"=>75.03, "promotional_price"...
MONGODB | localhost:27017 | products_api_development.insert | SUCCEEDED | 0.000s
MONGODB | localhost:27017 | products_api_development.insert | STARTED | {"insert"=>"products", "ordered"=>true, "documents"=>[{"_id"=>BSON::ObjectId('5efdd5ef2f65586ae84a39de'), "sku"=>"teste014", "name"=>"Magni excepturi reprehenderit quia.", "description"=>"Communis et aetas.", "price"=>70.05, "promotional_price"=>49.07...
MONGODB | localhost:27017 | products_api_development.insert | SUCCEEDED | 0.000s
MONGODB | localhost:27017 | products_api_development.insert | STARTED | {"insert"=>"products", "ordered"=>true, "documents"=>[{"_id"=>BSON::ObjectId('5efdd5ef2f65586ae84a39df'), "sku"=>"teste015", "name"=>"Voluptatum eveniet enim esse.", "description"=>"Dolores advoco et.", "price"=>29.02, "promotional_price"=>72.05, "qty...
MONGODB | localhost:27017 | products_api_development.insert | SUCCEEDED | 0.000s
MONGODB | localhost:27017 | products_api_development.insert | STARTED | {"insert"=>"products", "ordered"=>true, "documents"=>[{"_id"=>BSON::ObjectId('5efdd5ef2f65586ae84a39e0'), "sku"=>"teste016", "name"=>"Fugit voluptatem facilis est.", "description"=>"Suasoria adhuc concido.", "price"=>75.04, "promotional_price"=>80.08,...
MONGODB | localhost:27017 | products_api_development.insert | SUCCEEDED | 0.001s
MONGODB | localhost:27017 | products_api_development.insert | STARTED | {"insert"=>"products", "ordered"=>true, "documents"=>[{"_id"=>BSON::ObjectId('5efdd5ef2f65586ae84a39e1'), "sku"=>"teste017", "name"=>"Aut velit consectetur autem.", "description"=>"Aer surgo thorax.", "price"=>67.07, "promotional_price"=>19.04, "qty"=...
MONGODB | localhost:27017 | products_api_development.insert | SUCCEEDED | 0.000s
MONGODB | localhost:27017 | products_api_development.insert | STARTED | {"insert"=>"products", "ordered"=>true, "documents"=>[{"_id"=>BSON::ObjectId('5efdd5ef2f65586ae84a39e2'), "sku"=>"teste018", "name"=>"Incidunt magni beatae hic.", "description"=>"Maiores demulceo centum.", "price"=>71.07, "promotional_price"=>83.09, "...
MONGODB | localhost:27017 | products_api_development.insert | SUCCEEDED | 0.000s
MONGODB | localhost:27017 | products_api_development.insert | STARTED | {"insert"=>"products", "ordered"=>true, "documents"=>[{"_id"=>BSON::ObjectId('5efdd5ef2f65586ae84a39e3'), "sku"=>"teste019", "name"=>"Qui illo aperiam ab.", "description"=>"Carus suffoco cenaculum.", "price"=>72.04, "promotional_price"=>63.04, "qty"=>...
MONGODB | localhost:27017 | products_api_development.insert | SUCCEEDED | 0.000s
MONGODB | localhost:27017 | products_api_development.insert | STARTED | {"insert"=>"products", "ordered"=>true, "documents"=>[{"_id"=>BSON::ObjectId('5efdd5ef2f65586ae84a39e4'), "sku"=>"teste020", "name"=>"Nostrum ab minima laborum.", "description"=>"Et arceo autem.", "price"=>15.04, "promotional_price"=>84.05, "qty"=>79}...
MONGODB | localhost:27017 | products_api_development.insert | SUCCEEDED | 0.000s
MONGODB | localhost:27017 | products_api_development.insert | STARTED | {"insert"=>"products", "ordered"=>true, "documents"=>[{"_id"=>BSON::ObjectId('5efdd5ef2f65586ae84a39e5'), "sku"=>"teste021", "name"=>"Quia accusamus delectus molestiae.", "description"=>"Argentum adsidue aiunt.", "price"=>46.02, "promotional_price"=>6...
MONGODB | localhost:27017 | products_api_development.insert | SUCCEEDED | 0.000s
MONGODB | localhost:27017 | products_api_development.insert | STARTED | {"insert"=>"products", "ordered"=>true, "documents"=>[{"_id"=>BSON::ObjectId('5efdd5ef2f65586ae84a39e6'), "sku"=>"teste022", "name"=>"Dolore possimus in laudantium.", "description"=>"Tracto synagoga vorago.", "price"=>16.03, "promotional_price"=>78.06...
MONGODB | localhost:27017 | products_api_development.insert | SUCCEEDED | 0.000s
MONGODB | localhost:27017 | products_api_development.insert | STARTED | {"insert"=>"products", "ordered"=>true, "documents"=>[{"_id"=>BSON::ObjectId('5efdd5ef2f65586ae84a39e7'), "sku"=>"teste023", "name"=>"Nemo voluptatem dolores aliquam.", "description"=>"Adhuc dolor caveo.", "price"=>76.03, "promotional_price"=>40.05, "...
MONGODB | localhost:27017 | products_api_development.insert | SUCCEEDED | 0.000s
MONGODB | localhost:27017 | products_api_development.insert | STARTED | {"insert"=>"products", "ordered"=>true, "documents"=>[{"_id"=>BSON::ObjectId('5efdd5ef2f65586ae84a39e8'), "sku"=>"teste024", "name"=>"Non sint consequatur explicabo.", "description"=>"Sublime rerum audeo.", "price"=>11.03, "promotional_price"=>29.06, ...
MONGODB | localhost:27017 | products_api_development.insert | SUCCEEDED | 0.000s
MONGODB | localhost:27017 | products_api_development.insert | STARTED | {"insert"=>"products", "ordered"=>true, "documents"=>[{"_id"=>BSON::ObjectId('5efdd5ef2f65586ae84a39e9'), "sku"=>"teste025", "name"=>"Qui repellendus et esse.", "description"=>"Uterque creptio coepi.", "price"=>76.05, "promotional_price"=>52.07, "qty"...
MONGODB | localhost:27017 | products_api_development.insert | SUCCEEDED | 0.000s
MONGODB | localhost:27017 | products_api_development.insert | STARTED | {"insert"=>"products", "ordered"=>true, "documents"=>[{"_id"=>BSON::ObjectId('5efdd5ef2f65586ae84a39ea'), "sku"=>"teste026", "name"=>"Quae vel neque et.", "description"=>"Suasoria terga delicate.", "price"=>31.01, "promotional_price"=>44.02, "qty"=>59...
MONGODB | localhost:27017 | products_api_development.insert | SUCCEEDED | 0.000s
MONGODB | localhost:27017 | products_api_development.insert | STARTED | {"insert"=>"products", "ordered"=>true, "documents"=>[{"_id"=>BSON::ObjectId('5efdd5ef2f65586ae84a39eb'), "sku"=>"teste027", "name"=>"Dolorum eos praesentium voluptatum.", "description"=>"Adamo vero tripudio.", "price"=>46.01, "promotional_price"=>56....
MONGODB | localhost:27017 | products_api_development.insert | SUCCEEDED | 0.000s
MONGODB | localhost:27017 | products_api_development.insert | STARTED | {"insert"=>"products", "ordered"=>true, "documents"=>[{"_id"=>BSON::ObjectId('5efdd5ef2f65586ae84a39ec'), "sku"=>"teste028", "name"=>"Temporibus officiis atque ad.", "description"=>"Callide acies vigilo.", "price"=>32.05, "promotional_price"=>18.06, "...
MONGODB | localhost:27017 | products_api_development.insert | SUCCEEDED | 0.000s
MONGODB | localhost:27017 | products_api_development.insert | STARTED | {"insert"=>"products", "ordered"=>true, "documents"=>[{"_id"=>BSON::ObjectId('5efdd5ef2f65586ae84a39ed'), "sku"=>"teste029", "name"=>"Praesentium ut fugit ea.", "description"=>"Defero suadeo deprecator.", "price"=>78.04, "promotional_price"=>11.03, "q...
MONGODB | localhost:27017 | products_api_development.insert | SUCCEEDED | 0.000s
MONGODB | localhost:27017 | products_api_development.insert | STARTED | {"insert"=>"products", "ordered"=>true, "documents"=>[{"_id"=>BSON::ObjectId('5efdd5ef2f65586ae84a39ee'), "sku"=>"teste030", "name"=>"Quidem recusandae sapiente itaque.", "description"=>"Crux celebrer adulescens.", "price"=>87.04, "promotional_price"=...
MONGODB | localhost:27017 | products_api_development.insert | SUCCEEDED | 0.000s
MONGODB | localhost:27017 | products_api_development.insert | STARTED | {"insert"=>"products", "ordered"=>true, "documents"=>[{"_id"=>BSON::ObjectId('5efdd5ef2f65586ae84a39ef'), "sku"=>"teste031", "name"=>"Iste ea cum corporis.", "description"=>"Antea ascit sunt.", "price"=>51.03, "promotional_price"=>45.08, "qty"=>66}], ...
MONGODB | localhost:27017 | products_api_development.insert | SUCCEEDED | 0.000s
MONGODB | localhost:27017 | products_api_development.insert | STARTED | {"insert"=>"products", "ordered"=>true, "documents"=>[{"_id"=>BSON::ObjectId('5efdd5ef2f65586ae84a39f0'), "sku"=>"teste032", "name"=>"Et error similique tempore.", "description"=>"Super comis animi.", "price"=>56.04, "promotional_price"=>16.06, "qty"=...
MONGODB | localhost:27017 | products_api_development.insert | SUCCEEDED | 0.000s
MONGODB | localhost:27017 | products_api_development.insert | STARTED | {"insert"=>"products", "ordered"=>true, "documents"=>[{"_id"=>BSON::ObjectId('5efdd5ef2f65586ae84a39f1'), "sku"=>"teste033", "name"=>"Quibusdam laudantium labore cumque.", "description"=>"Vereor conculco adstringo.", "price"=>57.07, "promotional_price...
MONGODB | localhost:27017 | products_api_development.insert | SUCCEEDED | 0.000s
MONGODB | localhost:27017 | products_api_development.insert | STARTED | {"insert"=>"products", "ordered"=>true, "documents"=>[{"_id"=>BSON::ObjectId('5efdd5ef2f65586ae84a39f2'), "sku"=>"teste034", "name"=>"Eum omnis autem adipisci.", "description"=>"Sol ustulo subseco.", "price"=>68.07, "promotional_price"=>75.04, "qty"=>...
MONGODB | localhost:27017 | products_api_development.insert | SUCCEEDED | 0.000s
MONGODB | localhost:27017 | products_api_development.insert | STARTED | {"insert"=>"products", "ordered"=>true, "documents"=>[{"_id"=>BSON::ObjectId('5efdd5ef2f65586ae84a39f3'), "sku"=>"teste035", "name"=>"Modi ut quas porro.", "description"=>"Coepi adamo deripio.", "price"=>63.07, "promotional_price"=>98.04, "qty"=>65}],...
MONGODB | localhost:27017 | products_api_development.insert | SUCCEEDED | 0.000s
MONGODB | localhost:27017 | products_api_development.insert | STARTED | {"insert"=>"products", "ordered"=>true, "documents"=>[{"_id"=>BSON::ObjectId('5efdd5ef2f65586ae84a39f4'), "sku"=>"teste036", "name"=>"Voluptatem commodi optio voluptatem.", "description"=>"Audio ventus debeo.", "price"=>92.04, "promotional_price"=>52....
MONGODB | localhost:27017 | products_api_development.insert | SUCCEEDED | 0.001s
MONGODB | localhost:27017 | products_api_development.insert | STARTED | {"insert"=>"products", "ordered"=>true, "documents"=>[{"_id"=>BSON::ObjectId('5efdd5ef2f65586ae84a39f5'), "sku"=>"teste037", "name"=>"Minima iusto illum sunt.", "description"=>"Avaritia via comedo.", "price"=>37.06, "promotional_price"=>28.09, "qty"=>...
MONGODB | localhost:27017 | products_api_development.insert | SUCCEEDED | 0.000s
MONGODB | localhost:27017 | products_api_development.insert | STARTED | {"insert"=>"products", "ordered"=>true, "documents"=>[{"_id"=>BSON::ObjectId('5efdd5ef2f65586ae84a39f6'), "sku"=>"teste038", "name"=>"Ducimus occaecati consequuntur omnis.", "description"=>"Spectaculum repellendus adficio.", "price"=>60.09, "promotion...
MONGODB | localhost:27017 | products_api_development.insert | SUCCEEDED | 0.000s
MONGODB | localhost:27017 | products_api_development.insert | STARTED | {"insert"=>"products", "ordered"=>true, "documents"=>[{"_id"=>BSON::ObjectId('5efdd5ef2f65586ae84a39f7'), "sku"=>"teste039", "name"=>"Voluptas temporibus quas natus.", "description"=>"Nostrum cursim artificiose.", "price"=>48.07, "promotional_price"=>...
MONGODB | localhost:27017 | products_api_development.insert | SUCCEEDED | 0.000s
MONGODB | localhost:27017 | products_api_development.insert | STARTED | {"insert"=>"products", "ordered"=>true, "documents"=>[{"_id"=>BSON::ObjectId('5efdd5ef2f65586ae84a39f8'), "sku"=>"teste040", "name"=>"Deleniti modi animi eaque.", "description"=>"Odit a toties.", "price"=>52.07, "promotional_price"=>59.05, "qty"=>79}]...
MONGODB | localhost:27017 | products_api_development.insert | SUCCEEDED | 0.000s
MONGODB | localhost:27017 | products_api_development.insert | STARTED | {"insert"=>"products", "ordered"=>true, "documents"=>[{"_id"=>BSON::ObjectId('5efdd5ef2f65586ae84a39f9'), "sku"=>"teste041", "name"=>"Natus veritatis beatae magnam.", "description"=>"Terga temperantia suppellex.", "price"=>49.04, "promotional_price"=>...
MONGODB | localhost:27017 | products_api_development.insert | SUCCEEDED | 0.000s
MONGODB | localhost:27017 | products_api_development.insert | STARTED | {"insert"=>"products", "ordered"=>true, "documents"=>[{"_id"=>BSON::ObjectId('5efdd5ef2f65586ae84a39fa'), "sku"=>"teste042", "name"=>"Quo et voluptatem nobis.", "description"=>"Acceptus ratione bibo.", "price"=>59.03, "promotional_price"=>65.01, "qty"...
MONGODB | localhost:27017 | products_api_development.insert | SUCCEEDED | 0.000s
MONGODB | localhost:27017 | products_api_development.insert | STARTED | {"insert"=>"products", "ordered"=>true, "documents"=>[{"_id"=>BSON::ObjectId('5efdd5ef2f65586ae84a39fb'), "sku"=>"teste043", "name"=>"Fuga placeat cupiditate molestiae.", "description"=>"Civis surculus atrox.", "price"=>30.08, "promotional_price"=>20....
MONGODB | localhost:27017 | products_api_development.insert | SUCCEEDED | 0.000s
MONGODB | localhost:27017 | products_api_development.insert | STARTED | {"insert"=>"products", "ordered"=>true, "documents"=>[{"_id"=>BSON::ObjectId('5efdd5ef2f65586ae84a39fc'), "sku"=>"teste044", "name"=>"Magni voluptatem qui et.", "description"=>"Atavus sol quod.", "price"=>75.07, "promotional_price"=>64.05, "qty"=>5}],...
MONGODB | localhost:27017 | products_api_development.insert | SUCCEEDED | 0.000s
MONGODB | localhost:27017 | products_api_development.insert | STARTED | {"insert"=>"products", "ordered"=>true, "documents"=>[{"_id"=>BSON::ObjectId('5efdd5ef2f65586ae84a39fd'), "sku"=>"teste045", "name"=>"Iusto quia error quo.", "description"=>"Decretum thymbra dens.", "price"=>70.09, "promotional_price"=>79.01, "qty"=>6...
MONGODB | localhost:27017 | products_api_development.insert | SUCCEEDED | 0.000s
MONGODB | localhost:27017 | products_api_development.insert | STARTED | {"insert"=>"products", "ordered"=>true, "documents"=>[{"_id"=>BSON::ObjectId('5efdd5ef2f65586ae84a39fe'), "sku"=>"teste046", "name"=>"Excepturi vitae voluptatem enim.", "description"=>"Necessitatibus adimpleo trucido.", "price"=>84.03, "promotional_pr...
MONGODB | localhost:27017 | products_api_development.insert | SUCCEEDED | 0.000s
MONGODB | localhost:27017 | products_api_development.insert | STARTED | {"insert"=>"products", "ordered"=>true, "documents"=>[{"_id"=>BSON::ObjectId('5efdd5ef2f65586ae84a39ff'), "sku"=>"teste047", "name"=>"Labore ipsam voluptates aut.", "description"=>"Urbanus adduco abutor.", "price"=>54.01, "promotional_price"=>80.01, "...
MONGODB | localhost:27017 | products_api_development.insert | SUCCEEDED | 0.000s
MONGODB | localhost:27017 | products_api_development.insert | STARTED | {"insert"=>"products", "ordered"=>true, "documents"=>[{"_id"=>BSON::ObjectId('5efdd5ef2f65586ae84a3a00'), "sku"=>"teste048", "name"=>"Eius dolorum aliquid rerum.", "description"=>"Trado tot agnitio.", "price"=>55.01, "promotional_price"=>98.01, "qty"=...
MONGODB | localhost:27017 | products_api_development.insert | SUCCEEDED | 0.000s
MONGODB | localhost:27017 | products_api_development.insert | STARTED | {"insert"=>"products", "ordered"=>true, "documents"=>[{"_id"=>BSON::ObjectId('5efdd5ef2f65586ae84a3a01'), "sku"=>"teste049", "name"=>"Tempore qui qui temporibus.", "description"=>"Inventore laborum amita.", "price"=>26.02, "promotional_price"=>71.06, ...
MONGODB | localhost:27017 | products_api_development.insert | SUCCEEDED | 0.000s
MONGODB | localhost:27017 | products_api_development.insert | STARTED | {"insert"=>"products", "ordered"=>true, "documents"=>[{"_id"=>BSON::ObjectId('5efdd5ef2f65586ae84a3a02'), "sku"=>"teste050", "name"=>"Doloremque cumque nobis debitis.", "description"=>"Autem votum calamitas.", "price"=>88.08, "promotional_price"=>67.0...
MONGODB | localhost:27017 | products_api_development.insert | SUCCEEDED | 0.000s
MONGODB | localhost:27017 | products_api_development.insert | STARTED | {"insert"=>"products", "ordered"=>true, "documents"=>[{"_id"=>BSON::ObjectId('5efdd5ef2f65586ae84a3a03'), "sku"=>"teste051", "name"=>"Itaque omnis dolor nesciunt.", "description"=>"Adduco omnis distinctio.", "price"=>44.06, "promotional_price"=>92.07,...
MONGODB | localhost:27017 | products_api_development.insert | SUCCEEDED | 0.000s
MONGODB | localhost:27017 | products_api_development.insert | STARTED | {"insert"=>"products", "ordered"=>true, "documents"=>[{"_id"=>BSON::ObjectId('5efdd5ef2f65586ae84a3a04'), "sku"=>"teste052", "name"=>"Quaerat dolorem eum voluptatem.", "description"=>"Collum defleo suppellex.", "price"=>10.07, "promotional_price"=>99....
MONGODB | localhost:27017 | products_api_development.insert | SUCCEEDED | 0.000s
MONGODB | localhost:27017 | products_api_development.insert | STARTED | {"insert"=>"products", "ordered"=>true, "documents"=>[{"_id"=>BSON::ObjectId('5efdd5ef2f65586ae84a3a05'), "sku"=>"teste053", "name"=>"Aliquid aspernatur dolorum sint.", "description"=>"Caput curia quo.", "price"=>17.05, "promotional_price"=>61.02, "qt...
MONGODB | localhost:27017 | products_api_development.insert | SUCCEEDED | 0.000s
MONGODB | localhost:27017 | products_api_development.insert | STARTED | {"insert"=>"products", "ordered"=>true, "documents"=>[{"_id"=>BSON::ObjectId('5efdd5ef2f65586ae84a3a06'), "sku"=>"teste054", "name"=>"Dolorem officia perspiciatis aut.", "description"=>"Damno umbra supra.", "price"=>74.01, "promotional_price"=>34.01, ...
MONGODB | localhost:27017 | products_api_development.insert | SUCCEEDED | 0.000s
MONGODB | localhost:27017 | products_api_development.insert | STARTED | {"insert"=>"products", "ordered"=>true, "documents"=>[{"_id"=>BSON::ObjectId('5efdd5ef2f65586ae84a3a07'), "sku"=>"teste055", "name"=>"Delectus sunt et necessitatibus.", "description"=>"Terreo correptius crepusculum.", "price"=>48.04, "promotional_pric...
MONGODB | localhost:27017 | products_api_development.insert | SUCCEEDED | 0.000s
MONGODB | localhost:27017 | products_api_development.insert | STARTED | {"insert"=>"products", "ordered"=>true, "documents"=>[{"_id"=>BSON::ObjectId('5efdd5ef2f65586ae84a3a08'), "sku"=>"teste056", "name"=>"Hic sint ea culpa.", "description"=>"Quas soluta cariosus.", "price"=>48.09, "promotional_price"=>22.09, "qty"=>58}],...
MONGODB | localhost:27017 | products_api_development.insert | SUCCEEDED | 0.000s
MONGODB | localhost:27017 | products_api_development.insert | STARTED | {"insert"=>"products", "ordered"=>true, "documents"=>[{"_id"=>BSON::ObjectId('5efdd5ef2f65586ae84a3a09'), "sku"=>"teste057", "name"=>"Laboriosam illo ducimus tempora.", "description"=>"Vester conservo aliqua.", "price"=>12.04, "promotional_price"=>60....
MONGODB | localhost:27017 | products_api_development.insert | SUCCEEDED | 0.000s
MONGODB | localhost:27017 | products_api_development.insert | STARTED | {"insert"=>"products", "ordered"=>true, "documents"=>[{"_id"=>BSON::ObjectId('5efdd5ef2f65586ae84a3a0a'), "sku"=>"teste058", "name"=>"Soluta dolores expedita natus.", "description"=>"Curvo acies bestia.", "price"=>86.03, "promotional_price"=>82.01, "q...
MONGODB | localhost:27017 | products_api_development.insert | SUCCEEDED | 0.000s
MONGODB | localhost:27017 | products_api_development.insert | STARTED | {"insert"=>"products", "ordered"=>true, "documents"=>[{"_id"=>BSON::ObjectId('5efdd5ef2f65586ae84a3a0b'), "sku"=>"teste059", "name"=>"Deleniti perferendis ut et.", "description"=>"Umquam defungo baiulus.", "price"=>36.01, "promotional_price"=>62.04, "...
MONGODB | localhost:27017 | products_api_development.insert | SUCCEEDED | 0.000s
MONGODB | localhost:27017 | products_api_development.insert | STARTED | {"insert"=>"products", "ordered"=>true, "documents"=>[{"_id"=>BSON::ObjectId('5efdd5ef2f65586ae84a3a0c'), "sku"=>"teste060", "name"=>"Voluptatum facilis at voluptatem.", "description"=>"Auditor ut cruciamentum.", "price"=>25.07, "promotional_price"=>7...
MONGODB | localhost:27017 | products_api_development.insert | SUCCEEDED | 0.000s
MONGODB | localhost:27017 | products_api_development.insert | STARTED | {"insert"=>"products", "ordered"=>true, "documents"=>[{"_id"=>BSON::ObjectId('5efdd5ef2f65586ae84a3a0d'), "sku"=>"teste061", "name"=>"Excepturi in odio neque.", "description"=>"Tempus constans ustilo.", "price"=>28.02, "promotional_price"=>20.06, "qty...
MONGODB | localhost:27017 | products_api_development.insert | SUCCEEDED | 0.000s
MONGODB | localhost:27017 | products_api_development.insert | STARTED | {"insert"=>"products", "ordered"=>true, "documents"=>[{"_id"=>BSON::ObjectId('5efdd5ef2f65586ae84a3a0e'), "sku"=>"teste062", "name"=>"Neque ab quia perspiciatis.", "description"=>"Sufficio confero contigo.", "price"=>56.06, "promotional_price"=>83.01,...
MONGODB | localhost:27017 | products_api_development.insert | SUCCEEDED | 0.000s
MONGODB | localhost:27017 | products_api_development.insert | STARTED | {"insert"=>"products", "ordered"=>true, "documents"=>[{"_id"=>BSON::ObjectId('5efdd5ef2f65586ae84a3a0f'), "sku"=>"teste063", "name"=>"Unde et fugit ullam.", "description"=>"Asporto cornu damno.", "price"=>66.01, "promotional_price"=>63.06, "qty"=>22}]...
MONGODB | localhost:27017 | products_api_development.insert | SUCCEEDED | 0.000s
MONGODB | localhost:27017 | products_api_development.insert | STARTED | {"insert"=>"products", "ordered"=>true, "documents"=>[{"_id"=>BSON::ObjectId('5efdd5ef2f65586ae84a3a10'), "sku"=>"teste064", "name"=>"Ut exercitationem sint doloremque.", "description"=>"Tabgo ara vulnus.", "price"=>24.01, "promotional_price"=>95.02, ...
MONGODB | localhost:27017 | products_api_development.insert | SUCCEEDED | 0.000s
MONGODB | localhost:27017 | products_api_development.insert | STARTED | {"insert"=>"products", "ordered"=>true, "documents"=>[{"_id"=>BSON::ObjectId('5efdd5ef2f65586ae84a3a11'), "sku"=>"teste065", "name"=>"At consequatur earum dolore.", "description"=>"Laborum addo veniam.", "price"=>98.04, "promotional_price"=>72.01, "qt...
MONGODB | localhost:27017 | products_api_development.insert | SUCCEEDED | 0.000s
MONGODB | localhost:27017 | products_api_development.insert | STARTED | {"insert"=>"products", "ordered"=>true, "documents"=>[{"_id"=>BSON::ObjectId('5efdd5ef2f65586ae84a3a12'), "sku"=>"teste066", "name"=>"Nemo quas et est.", "description"=>"Addo caveo carpo.", "price"=>21.08, "promotional_price"=>40.07, "qty"=>97}], "lsi...
MONGODB | localhost:27017 | products_api_development.insert | SUCCEEDED | 0.000s
MONGODB | localhost:27017 | products_api_development.insert | STARTED | {"insert"=>"products", "ordered"=>true, "documents"=>[{"_id"=>BSON::ObjectId('5efdd5ef2f65586ae84a3a13'), "sku"=>"teste067", "name"=>"Ipsum voluptatum sed tenetur.", "description"=>"Tredecim patior terminatio.", "price"=>48.05, "promotional_price"=>27...
MONGODB | localhost:27017 | products_api_development.insert | SUCCEEDED | 0.000s
MONGODB | localhost:27017 | products_api_development.insert | STARTED | {"insert"=>"products", "ordered"=>true, "documents"=>[{"_id"=>BSON::ObjectId('5efdd5ef2f65586ae84a3a14'), "sku"=>"teste068", "name"=>"Quia alias tempora id.", "description"=>"Dolor tibi aegrus.", "price"=>86.08, "promotional_price"=>74.02, "qty"=>0}],...
MONGODB | localhost:27017 | products_api_development.insert | SUCCEEDED | 0.000s
MONGODB | localhost:27017 | products_api_development.insert | STARTED | {"insert"=>"products", "ordered"=>true, "documents"=>[{"_id"=>BSON::ObjectId('5efdd5ef2f65586ae84a3a15'), "sku"=>"teste069", "name"=>"Quasi officia sed qui.", "description"=>"Vaco quia eveniet.", "price"=>59.06, "promotional_price"=>84.04, "qty"=>74}]...
MONGODB | localhost:27017 | products_api_development.insert | SUCCEEDED | 0.000s
MONGODB | localhost:27017 | products_api_development.insert | STARTED | {"insert"=>"products", "ordered"=>true, "documents"=>[{"_id"=>BSON::ObjectId('5efdd5ef2f65586ae84a3a16'), "sku"=>"teste070", "name"=>"Non sit et sit.", "description"=>"Absens certo traho.", "price"=>84.03, "promotional_price"=>60.04, "qty"=>17}], "lsi...
MONGODB | localhost:27017 | products_api_development.insert | SUCCEEDED | 0.000s
MONGODB | localhost:27017 | products_api_development.insert | STARTED | {"insert"=>"products", "ordered"=>true, "documents"=>[{"_id"=>BSON::ObjectId('5efdd5ef2f65586ae84a3a17'), "sku"=>"teste071", "name"=>"Maiores maxime voluptas voluptas.", "description"=>"Quibusdam aggredior conitor.", "price"=>14.05, "promotional_price...
MONGODB | localhost:27017 | products_api_development.insert | SUCCEEDED | 0.000s
MONGODB | localhost:27017 | products_api_development.insert | STARTED | {"insert"=>"products", "ordered"=>true, "documents"=>[{"_id"=>BSON::ObjectId('5efdd5ef2f65586ae84a3a18'), "sku"=>"teste072", "name"=>"Ex et dolorum quo.", "description"=>"Tantillus reprehenderit certo.", "price"=>21.08, "promotional_price"=>38.05, "qt...
MONGODB | localhost:27017 | products_api_development.insert | SUCCEEDED | 0.000s
MONGODB | localhost:27017 | products_api_development.insert | STARTED | {"insert"=>"products", "ordered"=>true, "documents"=>[{"_id"=>BSON::ObjectId('5efdd5ef2f65586ae84a3a19'), "sku"=>"teste073", "name"=>"Quia odit earum sit.", "description"=>"Vado adversus ventus.", "price"=>62.09, "promotional_price"=>84.01, "qty"=>96}...
MONGODB | localhost:27017 | products_api_development.insert | SUCCEEDED | 0.000s
MONGODB | localhost:27017 | products_api_development.insert | STARTED | {"insert"=>"products", "ordered"=>true, "documents"=>[{"_id"=>BSON::ObjectId('5efdd5ef2f65586ae84a3a1a'), "sku"=>"teste074", "name"=>"Corporis odit ab et.", "description"=>"Sursum ago commodi.", "price"=>86.08, "promotional_price"=>83.03, "qty"=>75}],...
MONGODB | localhost:27017 | products_api_development.insert | SUCCEEDED | 0.000s
MONGODB | localhost:27017 | products_api_development.insert | STARTED | {"insert"=>"products", "ordered"=>true, "documents"=>[{"_id"=>BSON::ObjectId('5efdd5ef2f65586ae84a3a1b'), "sku"=>"teste075", "name"=>"Non fugiat culpa quisquam.", "description"=>"Aer cogito credo.", "price"=>51.06, "promotional_price"=>59.03, "qty"=>2...
MONGODB | localhost:27017 | products_api_development.insert | SUCCEEDED | 0.000s
MONGODB | localhost:27017 | products_api_development.insert | STARTED | {"insert"=>"products", "ordered"=>true, "documents"=>[{"_id"=>BSON::ObjectId('5efdd5ef2f65586ae84a3a1c'), "sku"=>"teste076", "name"=>"Ut alias assumenda eos.", "description"=>"Spiritus tollo enim.", "price"=>21.07, "promotional_price"=>73.07, "qty"=>7...
MONGODB | localhost:27017 | products_api_development.insert | SUCCEEDED | 0.000s
MONGODB | localhost:27017 | products_api_development.insert | STARTED | {"insert"=>"products", "ordered"=>true, "documents"=>[{"_id"=>BSON::ObjectId('5efdd5ef2f65586ae84a3a1d'), "sku"=>"teste077", "name"=>"Ab dolores iure neque.", "description"=>"Suscipit tricesimus quos.", "price"=>58.08, "promotional_price"=>37.05, "qty...
MONGODB | localhost:27017 | products_api_development.insert | SUCCEEDED | 0.000s
MONGODB | localhost:27017 | products_api_development.insert | STARTED | {"insert"=>"products", "ordered"=>true, "documents"=>[{"_id"=>BSON::ObjectId('5efdd5ef2f65586ae84a3a1e'), "sku"=>"teste078", "name"=>"Quaerat aliquam similique ipsum.", "description"=>"Vinum sint charisma.", "price"=>77.01, "promotional_price"=>37.05,...
MONGODB | localhost:27017 | products_api_development.insert | SUCCEEDED | 0.000s
MONGODB | localhost:27017 | products_api_development.insert | STARTED | {"insert"=>"products", "ordered"=>true, "documents"=>[{"_id"=>BSON::ObjectId('5efdd5ef2f65586ae84a3a1f'), "sku"=>"teste079", "name"=>"Quia deserunt et voluptatum.", "description"=>"Decerno et virga.", "price"=>45.01, "promotional_price"=>39.07, "qty"=...
MONGODB | localhost:27017 | products_api_development.insert | SUCCEEDED | 0.000s
MONGODB | localhost:27017 | products_api_development.insert | STARTED | {"insert"=>"products", "ordered"=>true, "documents"=>[{"_id"=>BSON::ObjectId('5efdd5ef2f65586ae84a3a20'), "sku"=>"teste080", "name"=>"Quas nobis velit voluptas.", "description"=>"Cresco caecus alias.", "price"=>59.09, "promotional_price"=>40.05, "qty"...
MONGODB | localhost:27017 | products_api_development.insert | SUCCEEDED | 0.000s
MONGODB | localhost:27017 | products_api_development.insert | STARTED | {"insert"=>"products", "ordered"=>true, "documents"=>[{"_id"=>BSON::ObjectId('5efdd5ef2f65586ae84a3a21'), "sku"=>"teste081", "name"=>"Ad ex cupiditate ea.", "description"=>"Villa vespillo correptius.", "price"=>32.09, "promotional_price"=>93.09, "qty"...
MONGODB | localhost:27017 | products_api_development.insert | SUCCEEDED | 0.000s
MONGODB | localhost:27017 | products_api_development.insert | STARTED | {"insert"=>"products", "ordered"=>true, "documents"=>[{"_id"=>BSON::ObjectId('5efdd5ef2f65586ae84a3a22'), "sku"=>"teste082", "name"=>"Harum veniam est doloremque.", "description"=>"Sunt ater volva.", "price"=>40.03, "promotional_price"=>27.04, "qty"=>...
MONGODB | localhost:27017 | products_api_development.insert | SUCCEEDED | 0.000s
MONGODB | localhost:27017 | products_api_development.insert | STARTED | {"insert"=>"products", "ordered"=>true, "documents"=>[{"_id"=>BSON::ObjectId('5efdd5ef2f65586ae84a3a23'), "sku"=>"teste083", "name"=>"Veritatis id ipsum modi.", "description"=>"Canto substantia thymum.", "price"=>11.05, "promotional_price"=>54.01, "qt...
MONGODB | localhost:27017 | products_api_development.insert | SUCCEEDED | 0.000s
MONGODB | localhost:27017 | products_api_development.insert | STARTED | {"insert"=>"products", "ordered"=>true, "documents"=>[{"_id"=>BSON::ObjectId('5efdd5ef2f65586ae84a3a24'), "sku"=>"teste084", "name"=>"Quisquam quaerat architecto et.", "description"=>"Vapulus ut magnam.", "price"=>18.07, "promotional_price"=>45.03, "q...
MONGODB | localhost:27017 | products_api_development.insert | SUCCEEDED | 0.000s
MONGODB | localhost:27017 | products_api_development.insert | STARTED | {"insert"=>"products", "ordered"=>true, "documents"=>[{"_id"=>BSON::ObjectId('5efdd5ef2f65586ae84a3a25'), "sku"=>"teste085", "name"=>"Temporibus doloremque saepe dolores.", "description"=>"Cruentus coniecto tergum.", "price"=>19.02, "promotional_price...
MONGODB | localhost:27017 | products_api_development.insert | SUCCEEDED | 0.000s
MONGODB | localhost:27017 | products_api_development.insert | STARTED | {"insert"=>"products", "ordered"=>true, "documents"=>[{"_id"=>BSON::ObjectId('5efdd5ef2f65586ae84a3a26'), "sku"=>"teste086", "name"=>"Mollitia alias dolore cumque.", "description"=>"Est callide considero.", "price"=>43.08, "promotional_price"=>45.04, ...
MONGODB | localhost:27017 | products_api_development.insert | SUCCEEDED | 0.000s
MONGODB | localhost:27017 | products_api_development.insert | STARTED | {"insert"=>"products", "ordered"=>true, "documents"=>[{"_id"=>BSON::ObjectId('5efdd5ef2f65586ae84a3a27'), "sku"=>"teste087", "name"=>"Itaque nulla aut nam.", "description"=>"Sustineo voluptas cognomen.", "price"=>88.08, "promotional_price"=>50.02, "qt...
MONGODB | localhost:27017 | products_api_development.insert | SUCCEEDED | 0.000s
MONGODB | localhost:27017 | products_api_development.insert | STARTED | {"insert"=>"products", "ordered"=>true, "documents"=>[{"_id"=>BSON::ObjectId('5efdd5ef2f65586ae84a3a28'), "sku"=>"teste088", "name"=>"Voluptatem tempore neque nisi.", "description"=>"Varius aer paens.", "price"=>70.03, "promotional_price"=>80.01, "qty...
MONGODB | localhost:27017 | products_api_development.insert | SUCCEEDED | 0.000s
MONGODB | localhost:27017 | products_api_development.insert | STARTED | {"insert"=>"products", "ordered"=>true, "documents"=>[{"_id"=>BSON::ObjectId('5efdd5ef2f65586ae84a3a29'), "sku"=>"teste089", "name"=>"Accusantium dolorem est consequatur.", "description"=>"Quisquam temporibus utpote.", "price"=>39.09, "promotional_pri...
MONGODB | localhost:27017 | products_api_development.insert | SUCCEEDED | 0.000s
MONGODB | localhost:27017 | products_api_development.insert | STARTED | {"insert"=>"products", "ordered"=>true, "documents"=>[{"_id"=>BSON::ObjectId('5efdd5ef2f65586ae84a3a2a'), "sku"=>"teste090", "name"=>"Voluptates non mollitia maxime.", "description"=>"Cervus subiungo demitto.", "price"=>39.05, "promotional_price"=>22....
MONGODB | localhost:27017 | products_api_development.insert | SUCCEEDED | 0.000s
MONGODB | localhost:27017 | products_api_development.insert | STARTED | {"insert"=>"products", "ordered"=>true, "documents"=>[{"_id"=>BSON::ObjectId('5efdd5ef2f65586ae84a3a2b'), "sku"=>"teste091", "name"=>"Qui delectus id veritatis.", "description"=>"Subseco voluptatem asper.", "price"=>88.06, "promotional_price"=>40.09, ...
MONGODB | localhost:27017 | products_api_development.insert | SUCCEEDED | 0.000s
MONGODB | localhost:27017 | products_api_development.insert | STARTED | {"insert"=>"products", "ordered"=>true, "documents"=>[{"_id"=>BSON::ObjectId('5efdd5ef2f65586ae84a3a2c'), "sku"=>"teste092", "name"=>"Eum possimus eum nisi.", "description"=>"Audeo sono conqueror.", "price"=>44.09, "promotional_price"=>81.02, "qty"=>9...
MONGODB | localhost:27017 | products_api_development.insert | SUCCEEDED | 0.000s
MONGODB | localhost:27017 | products_api_development.insert | STARTED | {"insert"=>"products", "ordered"=>true, "documents"=>[{"_id"=>BSON::ObjectId('5efdd5ef2f65586ae84a3a2d'), "sku"=>"teste093", "name"=>"Voluptas ea enim rerum.", "description"=>"Ad curriculum solio.", "price"=>55.08, "promotional_price"=>43.03, "qty"=>7...
MONGODB | localhost:27017 | products_api_development.insert | SUCCEEDED | 0.000s
MONGODB | localhost:27017 | products_api_development.insert | STARTED | {"insert"=>"products", "ordered"=>true, "documents"=>[{"_id"=>BSON::ObjectId('5efdd5ef2f65586ae84a3a2e'), "sku"=>"teste094", "name"=>"Ut voluptatem facere nulla.", "description"=>"Ater suscipio illo.", "price"=>73.06, "promotional_price"=>43.01, "qty"...
MONGODB | localhost:27017 | products_api_development.insert | SUCCEEDED | 0.000s
MONGODB | localhost:27017 | products_api_development.insert | STARTED | {"insert"=>"products", "ordered"=>true, "documents"=>[{"_id"=>BSON::ObjectId('5efdd5ef2f65586ae84a3a2f'), "sku"=>"teste095", "name"=>"Sed facilis vel facere.", "description"=>"Somniculosus sui laudantium.", "price"=>63.07, "promotional_price"=>85.03, ...
MONGODB | localhost:27017 | products_api_development.insert | SUCCEEDED | 0.000s
MONGODB | localhost:27017 | products_api_development.insert | STARTED | {"insert"=>"products", "ordered"=>true, "documents"=>[{"_id"=>BSON::ObjectId('5efdd5ef2f65586ae84a3a30'), "sku"=>"teste096", "name"=>"Aut quo sed necessitatibus.", "description"=>"Comedo solus a.", "price"=>55.03, "promotional_price"=>88.06, "qty"=>10...
MONGODB | localhost:27017 | products_api_development.insert | SUCCEEDED | 0.001s
MONGODB | localhost:27017 | products_api_development.insert | STARTED | {"insert"=>"products", "ordered"=>true, "documents"=>[{"_id"=>BSON::ObjectId('5efdd5ef2f65586ae84a3a31'), "sku"=>"teste097", "name"=>"Vero fuga atque beatae.", "description"=>"Iste celebrer turbo.", "price"=>38.07, "promotional_price"=>12.07, "qty"=>8...
MONGODB | localhost:27017 | products_api_development.insert | SUCCEEDED | 0.000s
MONGODB | localhost:27017 | products_api_development.insert | STARTED | {"insert"=>"products", "ordered"=>true, "documents"=>[{"_id"=>BSON::ObjectId('5efdd5ef2f65586ae84a3a32'), "sku"=>"teste098", "name"=>"Repudiandae ut quisquam commodi.", "description"=>"Theatrum cruciamentum ulciscor.", "price"=>83.06, "promotional_pri...
MONGODB | localhost:27017 | products_api_development.insert | SUCCEEDED | 0.000s
MONGODB | localhost:27017 | products_api_development.insert | STARTED | {"insert"=>"products", "ordered"=>true, "documents"=>[{"_id"=>BSON::ObjectId('5efdd5ef2f65586ae84a3a33'), "sku"=>"teste099", "name"=>"Fugiat sit qui voluptatem.", "description"=>"Dolores communis paens.", "price"=>86.04, "promotional_price"=>50.01, "q...
MONGODB | localhost:27017 | products_api_development.insert | SUCCEEDED | 0.000s
MONGODB | localhost:27017 | products_api_development.insert | STARTED | {"insert"=>"products", "ordered"=>true, "documents"=>[{"_id"=>BSON::ObjectId('5efdd5ef2f65586ae84a3a34'), "sku"=>"teste0100", "name"=>"Hic sit id voluptatibus.", "description"=>"Defessus victus alter.", "price"=>43.06, "promotional_price"=>72.03, "qty...
MONGODB | localhost:27017 | products_api_development.insert | SUCCEEDED | 0.000s
MONGODB | localhost:27017 | products_api_development.insert | STARTED | {"insert"=>"orders", "ordered"=>true, "documents"=>[{"_id"=>BSON::ObjectId('5efdd5ef2f65586ae84a3a35'), "code"=>"pedido-1", "data"=>2020-06-13 15:31:45 UTC, "custumer"=>"Tad Senger", "status"=>"shipped", "shipping_cost"=>89.04, "total"=>96.09, "items"...
MONGODB | localhost:27017 | products_api_development.insert | SUCCEEDED | 0.046s
MONGODB | localhost:27017 | products_api_development.insert | STARTED | {"insert"=>"orders", "ordered"=>true, "documents"=>[{"_id"=>BSON::ObjectId('5efdd5ef2f65586ae84a3a37'), "code"=>"pedido-2", "data"=>2020-06-16 19:27:37 UTC, "custumer"=>"Sydney Abernathy", "status"=>"delivered", "shipping_cost"=>81.09, "total"=>79.09,...
MONGODB | localhost:27017 | products_api_development.insert | SUCCEEDED | 0.001s
MONGODB | localhost:27017 | products_api_development.insert | STARTED | {"insert"=>"orders", "ordered"=>true, "documents"=>[{"_id"=>BSON::ObjectId('5efdd5ef2f65586ae84a3a39'), "code"=>"pedido-3", "data"=>2020-07-02 04:17:51 UTC, "custumer"=>"Iliana Raynor", "status"=>"delivered", "shipping_cost"=>48.03, "total"=>93.02, "i...
MONGODB | localhost:27017 | products_api_development.insert | SUCCEEDED | 0.000s
MONGODB | localhost:27017 | products_api_development.insert | STARTED | {"insert"=>"orders", "ordered"=>true, "documents"=>[{"_id"=>BSON::ObjectId('5efdd5ef2f65586ae84a3a3b'), "code"=>"pedido-4", "data"=>2020-06-15 05:17:12 UTC, "custumer"=>"Valentine Feest II", "status"=>"approved", "shipping_cost"=>94.07, "total"=>54.09...
MONGODB | localhost:27017 | products_api_development.insert | SUCCEEDED | 0.000s
MONGODB | localhost:27017 | products_api_development.insert | STARTED | {"insert"=>"orders", "ordered"=>true, "documents"=>[{"_id"=>BSON::ObjectId('5efdd5ef2f65586ae84a3a3d'), "code"=>"pedido-5", "data"=>2020-06-19 07:25:23 UTC, "custumer"=>"Wally Bailey", "status"=>"canceled", "shipping_cost"=>65.01, "total"=>18.02, "ite...
MONGODB | localhost:27017 | products_api_development.insert | SUCCEEDED | 0.000s
MONGODB | localhost:27017 | products_api_development.insert | STARTED | {"insert"=>"orders", "ordered"=>true, "documents"=>[{"_id"=>BSON::ObjectId('5efdd5ef2f65586ae84a3a3f'), "code"=>"pedido-6", "data"=>2020-06-26 19:06:26 UTC, "custumer"=>"Tawanda Morar", "status"=>"approved", "shipping_cost"=>21.05, "total"=>35.05, "it...
MONGODB | localhost:27017 | products_api_development.insert | SUCCEEDED | 0.000s
MONGODB | localhost:27017 | products_api_development.insert | STARTED | {"insert"=>"orders", "ordered"=>true, "documents"=>[{"_id"=>BSON::ObjectId('5efdd5ef2f65586ae84a3a41'), "code"=>"pedido-7", "data"=>2020-06-12 09:01:10 UTC, "custumer"=>"Christene Corwin", "status"=>"new", "shipping_cost"=>88.09, "total"=>33.02, "item...
MONGODB | localhost:27017 | products_api_development.insert | SUCCEEDED | 0.000s
MONGODB | localhost:27017 | products_api_development.insert | STARTED | {"insert"=>"orders", "ordered"=>true, "documents"=>[{"_id"=>BSON::ObjectId('5efdd5f02f65586ae84a3a43'), "code"=>"pedido-8", "data"=>2020-06-07 06:17:00 UTC, "custumer"=>"Porter Brakus", "status"=>"canceled", "shipping_cost"=>87.08, "total"=>15.07, "it...
MONGODB | localhost:27017 | products_api_development.insert | SUCCEEDED | 0.000s
MONGODB | localhost:27017 | products_api_development.insert | STARTED | {"insert"=>"orders", "ordered"=>true, "documents"=>[{"_id"=>BSON::ObjectId('5efdd5f02f65586ae84a3a45'), "code"=>"pedido-9", "data"=>2020-06-26 10:47:42 UTC, "custumer"=>"Garnet Schoen", "status"=>"delivered", "shipping_cost"=>12.03, "total"=>10.08, "i...
MONGODB | localhost:27017 | products_api_development.insert | SUCCEEDED | 0.000s
MONGODB | localhost:27017 | products_api_development.insert | STARTED | {"insert"=>"orders", "ordered"=>true, "documents"=>[{"_id"=>BSON::ObjectId('5efdd5f02f65586ae84a3a47'), "code"=>"pedido-10", "data"=>2020-06-26 22:45:32 UTC, "custumer"=>"Ilene Lockman", "status"=>"new", "shipping_cost"=>19.09, "total"=>40.07, "items"...
MONGODB | localhost:27017 | products_api_development.insert | SUCCEEDED | 0.000s
MONGODB | localhost:27017 | products_api_development.insert | STARTED | {"insert"=>"orders", "ordered"=>true, "documents"=>[{"_id"=>BSON::ObjectId('5efdd5f02f65586ae84a3a49'), "code"=>"pedido-11", "data"=>2020-06-27 16:00:17 UTC, "custumer"=>"Kandy Feil", "status"=>"delivered", "shipping_cost"=>47.03, "total"=>31.03, "ite...
MONGODB | localhost:27017 | products_api_development.insert | SUCCEEDED | 0.000s
MONGODB | localhost:27017 | products_api_development.insert | STARTED | {"insert"=>"orders", "ordered"=>true, "documents"=>[{"_id"=>BSON::ObjectId('5efdd5f02f65586ae84a3a4b'), "code"=>"pedido-12", "data"=>2020-06-09 16:32:52 UTC, "custumer"=>"Dollie Keeling MD", "status"=>"approved", "shipping_cost"=>41.07, "total"=>53.06...
MONGODB | localhost:27017 | products_api_development.insert | SUCCEEDED | 0.000s
MONGODB | localhost:27017 | products_api_development.insert | STARTED | {"insert"=>"orders", "ordered"=>true, "documents"=>[{"_id"=>BSON::ObjectId('5efdd5f02f65586ae84a3a4d'), "code"=>"pedido-13", "data"=>2020-06-24 12:53:59 UTC, "custumer"=>"Kristofer Upton", "status"=>"delivered", "shipping_cost"=>32.01, "total"=>64.05,...
MONGODB | localhost:27017 | products_api_development.insert | SUCCEEDED | 0.000s
MONGODB | localhost:27017 | products_api_development.insert | STARTED | {"insert"=>"orders", "ordered"=>true, "documents"=>[{"_id"=>BSON::ObjectId('5efdd5f02f65586ae84a3a4f'), "code"=>"pedido-14", "data"=>2020-07-01 10:53:27 UTC, "custumer"=>"Collin Koch", "status"=>"approved", "shipping_cost"=>11.06, "total"=>97.04, "ite...
MONGODB | localhost:27017 | products_api_development.insert | SUCCEEDED | 0.000s
MONGODB | localhost:27017 | products_api_development.insert | STARTED | {"insert"=>"orders", "ordered"=>true, "documents"=>[{"_id"=>BSON::ObjectId('5efdd5f02f65586ae84a3a51'), "code"=>"pedido-15", "data"=>2020-06-06 13:49:22 UTC, "custumer"=>"Ellsworth Pacocha", "status"=>"delivered", "shipping_cost"=>24.04, "total"=>57.0...
MONGODB | localhost:27017 | products_api_development.insert | SUCCEEDED | 0.000s
MONGODB | localhost:27017 | products_api_development.insert | STARTED | {"insert"=>"orders", "ordered"=>true, "documents"=>[{"_id"=>BSON::ObjectId('5efdd5f02f65586ae84a3a53'), "code"=>"pedido-16", "data"=>2020-06-20 15:41:00 UTC, "custumer"=>"Mr. Tuan Larson", "status"=>"delivered", "shipping_cost"=>18.03, "total"=>26.08,...
MONGODB | localhost:27017 | products_api_development.insert | SUCCEEDED | 0.000s
MONGODB | localhost:27017 | products_api_development.insert | STARTED | {"insert"=>"orders", "ordered"=>true, "documents"=>[{"_id"=>BSON::ObjectId('5efdd5f02f65586ae84a3a55'), "code"=>"pedido-17", "data"=>2020-06-17 21:01:14 UTC, "custumer"=>"Trent Lakin", "status"=>"delivered", "shipping_cost"=>13.09, "total"=>51.04, "it...
MONGODB | localhost:27017 | products_api_development.insert | SUCCEEDED | 0.000s
MONGODB | localhost:27017 | products_api_development.insert | STARTED | {"insert"=>"orders", "ordered"=>true, "documents"=>[{"_id"=>BSON::ObjectId('5efdd5f02f65586ae84a3a57'), "code"=>"pedido-18", "data"=>2020-06-24 13:05:35 UTC, "custumer"=>"Joaquin Lemke", "status"=>"approved", "shipping_cost"=>58.05, "total"=>15.04, "i...
MONGODB | localhost:27017 | products_api_development.insert | SUCCEEDED | 0.000s
MONGODB | localhost:27017 | products_api_development.insert | STARTED | {"insert"=>"orders", "ordered"=>true, "documents"=>[{"_id"=>BSON::ObjectId('5efdd5f02f65586ae84a3a59'), "code"=>"pedido-19", "data"=>2020-06-10 14:22:12 UTC, "custumer"=>"Kennith Predovic PhD", "status"=>"shipped", "shipping_cost"=>19.01, "total"=>85....
MONGODB | localhost:27017 | products_api_development.insert | SUCCEEDED | 0.000s
MONGODB | localhost:27017 | products_api_development.insert | STARTED | {"insert"=>"orders", "ordered"=>true, "documents"=>[{"_id"=>BSON::ObjectId('5efdd5f02f65586ae84a3a5b'), "code"=>"pedido-20", "data"=>2020-06-20 16:48:00 UTC, "custumer"=>"Mr. Malika Waelchi", "status"=>"canceled", "shipping_cost"=>47.01, "total"=>71.0...
MONGODB | localhost:27017 | products_api_development.insert | SUCCEEDED | 0.000s
MONGODB | localhost:27017 | products_api_development.insert | STARTED | {"insert"=>"orders", "ordered"=>true, "documents"=>[{"_id"=>BSON::ObjectId('5efdd5f02f65586ae84a3a5d'), "code"=>"pedido-21", "data"=>2020-06-29 20:40:21 UTC, "custumer"=>"Jordon Walker", "status"=>"approved", "shipping_cost"=>85.01, "total"=>60.01, "i...
MONGODB | localhost:27017 | products_api_development.insert | SUCCEEDED | 0.000s
MONGODB | localhost:27017 | products_api_development.insert | STARTED | {"insert"=>"orders", "ordered"=>true, "documents"=>[{"_id"=>BSON::ObjectId('5efdd5f02f65586ae84a3a5f'), "code"=>"pedido-22", "data"=>2020-06-21 17:42:15 UTC, "custumer"=>"Ms. Clemmie Feest", "status"=>"canceled", "shipping_cost"=>55.07, "total"=>50.04...
MONGODB | localhost:27017 | products_api_development.insert | SUCCEEDED | 0.000s
MONGODB | localhost:27017 | products_api_development.insert | STARTED | {"insert"=>"orders", "ordered"=>true, "documents"=>[{"_id"=>BSON::ObjectId('5efdd5f02f65586ae84a3a61'), "code"=>"pedido-23", "data"=>2020-06-29 07:56:59 UTC, "custumer"=>"Toshiko Mraz", "status"=>"canceled", "shipping_cost"=>66.01, "total"=>52.04, "it...
MONGODB | localhost:27017 | products_api_development.insert | SUCCEEDED | 0.000s
MONGODB | localhost:27017 | products_api_development.insert | STARTED | {"insert"=>"orders", "ordered"=>true, "documents"=>[{"_id"=>BSON::ObjectId('5efdd5f02f65586ae84a3a63'), "code"=>"pedido-24", "data"=>2020-06-18 15:34:37 UTC, "custumer"=>"Lilia Pollich", "status"=>"approved", "shipping_cost"=>98.07, "total"=>31.09, "i...
MONGODB | localhost:27017 | products_api_development.insert | SUCCEEDED | 0.000s
MONGODB | localhost:27017 | products_api_development.insert | STARTED | {"insert"=>"orders", "ordered"=>true, "documents"=>[{"_id"=>BSON::ObjectId('5efdd5f02f65586ae84a3a65'), "code"=>"pedido-25", "data"=>2020-06-16 23:16:53 UTC, "custumer"=>"Josh Moen Sr.", "status"=>"new", "shipping_cost"=>24.03, "total"=>39.05, "items"...
MONGODB | localhost:27017 | products_api_development.insert | SUCCEEDED | 0.000s
MONGODB | localhost:27017 | products_api_development.insert | STARTED | {"insert"=>"orders", "ordered"=>true, "documents"=>[{"_id"=>BSON::ObjectId('5efdd5f02f65586ae84a3a67'), "code"=>"pedido-26", "data"=>2020-06-10 04:25:30 UTC, "custumer"=>"Mrs. Rory Wunsch", "status"=>"new", "shipping_cost"=>70.07, "total"=>84.06, "ite...
MONGODB | localhost:27017 | products_api_development.insert | SUCCEEDED | 0.000s
MONGODB | localhost:27017 | products_api_development.insert | STARTED | {"insert"=>"orders", "ordered"=>true, "documents"=>[{"_id"=>BSON::ObjectId('5efdd5f02f65586ae84a3a69'), "code"=>"pedido-27", "data"=>2020-06-02 14:39:31 UTC, "custumer"=>"Heriberto Rippin", "status"=>"shipped", "shipping_cost"=>41.08, "total"=>74.05, ...
MONGODB | localhost:27017 | products_api_development.insert | SUCCEEDED | 0.000s
MONGODB | localhost:27017 | products_api_development.insert | STARTED | {"insert"=>"orders", "ordered"=>true, "documents"=>[{"_id"=>BSON::ObjectId('5efdd5f02f65586ae84a3a6b'), "code"=>"pedido-28", "data"=>2020-06-30 12:15:26 UTC, "custumer"=>"Miss Rubye Wisoky", "status"=>"new", "shipping_cost"=>37.02, "total"=>21.03, "it...
MONGODB | localhost:27017 | products_api_development.insert | SUCCEEDED | 0.000s
MONGODB | localhost:27017 | products_api_development.insert | STARTED | {"insert"=>"orders", "ordered"=>true, "documents"=>[{"_id"=>BSON::ObjectId('5efdd5f02f65586ae84a3a6d'), "code"=>"pedido-29", "data"=>2020-06-15 07:10:52 UTC, "custumer"=>"Roberto Bartoletti", "status"=>"approved", "shipping_cost"=>23.06, "total"=>94.0...
MONGODB | localhost:27017 | products_api_development.insert | SUCCEEDED | 0.000s
MONGODB | localhost:27017 | products_api_development.insert | STARTED | {"insert"=>"orders", "ordered"=>true, "documents"=>[{"_id"=>BSON::ObjectId('5efdd5f02f65586ae84a3a6f'), "code"=>"pedido-30", "data"=>2020-06-12 18:40:19 UTC, "custumer"=>"Man Schumm", "status"=>"new", "shipping_cost"=>35.02, "total"=>39.06, "items"=>[...
MONGODB | localhost:27017 | products_api_development.insert | SUCCEEDED | 0.000s
MONGODB | localhost:27017 | products_api_development.insert | STARTED | {"insert"=>"orders", "ordered"=>true, "documents"=>[{"_id"=>BSON::ObjectId('5efdd5f02f65586ae84a3a71'), "code"=>"pedido-31", "data"=>2020-06-24 22:01:13 UTC, "custumer"=>"Whitney Lynch", "status"=>"canceled", "shipping_cost"=>16.06, "total"=>26.01, "i...
MONGODB | localhost:27017 | products_api_development.insert | SUCCEEDED | 0.000s
MONGODB | localhost:27017 | products_api_development.insert | STARTED | {"insert"=>"orders", "ordered"=>true, "documents"=>[{"_id"=>BSON::ObjectId('5efdd5f02f65586ae84a3a73'), "code"=>"pedido-32", "data"=>2020-06-10 10:27:51 UTC, "custumer"=>"Genoveva Kshlerin", "status"=>"approved", "shipping_cost"=>17.09, "total"=>57.09...
MONGODB | localhost:27017 | products_api_development.insert | SUCCEEDED | 0.000s
MONGODB | localhost:27017 | products_api_development.insert | STARTED | {"insert"=>"orders", "ordered"=>true, "documents"=>[{"_id"=>BSON::ObjectId('5efdd5f02f65586ae84a3a75'), "code"=>"pedido-33", "data"=>2020-06-21 13:14:44 UTC, "custumer"=>"Pamella Rice", "status"=>"new", "shipping_cost"=>16.02, "total"=>78.01, "items"=...
MONGODB | localhost:27017 | products_api_development.insert | SUCCEEDED | 0.000s
MONGODB | localhost:27017 | products_api_development.insert | STARTED | {"insert"=>"orders", "ordered"=>true, "documents"=>[{"_id"=>BSON::ObjectId('5efdd5f02f65586ae84a3a77'), "code"=>"pedido-34", "data"=>2020-06-12 09:12:13 UTC, "custumer"=>"Dan Luettgen", "status"=>"new", "shipping_cost"=>12.06, "total"=>63.01, "items"=...
MONGODB | localhost:27017 | products_api_development.insert | SUCCEEDED | 0.000s
MONGODB | localhost:27017 | products_api_development.insert | STARTED | {"insert"=>"orders", "ordered"=>true, "documents"=>[{"_id"=>BSON::ObjectId('5efdd5f02f65586ae84a3a79'), "code"=>"pedido-35", "data"=>2020-06-23 22:16:50 UTC, "custumer"=>"Janie Kshlerin", "status"=>"shipped", "shipping_cost"=>75.02, "total"=>67.02, "i...
MONGODB | localhost:27017 | products_api_development.insert | SUCCEEDED | 0.000s
MONGODB | localhost:27017 | products_api_development.insert | STARTED | {"insert"=>"orders", "ordered"=>true, "documents"=>[{"_id"=>BSON::ObjectId('5efdd5f02f65586ae84a3a7b'), "code"=>"pedido-36", "data"=>2020-06-10 03:46:20 UTC, "custumer"=>"Lanny Green", "status"=>"delivered", "shipping_cost"=>92.07, "total"=>92.01, "it...
MONGODB | localhost:27017 | products_api_development.insert | SUCCEEDED | 0.000s
MONGODB | localhost:27017 | products_api_development.insert | STARTED | {"insert"=>"orders", "ordered"=>true, "documents"=>[{"_id"=>BSON::ObjectId('5efdd5f02f65586ae84a3a7d'), "code"=>"pedido-37", "data"=>2020-06-27 11:16:28 UTC, "custumer"=>"Quincy Mosciski", "status"=>"approved", "shipping_cost"=>25.01, "total"=>47.05, ...
MONGODB | localhost:27017 | products_api_development.insert | SUCCEEDED | 0.000s
MONGODB | localhost:27017 | products_api_development.insert | STARTED | {"insert"=>"orders", "ordered"=>true, "documents"=>[{"_id"=>BSON::ObjectId('5efdd5f02f65586ae84a3a7f'), "code"=>"pedido-38", "data"=>2020-06-20 06:18:49 UTC, "custumer"=>"Drucilla Ankunding PhD", "status"=>"new", "shipping_cost"=>92.03, "total"=>52.02...
MONGODB | localhost:27017 | products_api_development.insert | SUCCEEDED | 0.000s
MONGODB | localhost:27017 | products_api_development.insert | STARTED | {"insert"=>"orders", "ordered"=>true, "documents"=>[{"_id"=>BSON::ObjectId('5efdd5f02f65586ae84a3a81'), "code"=>"pedido-39", "data"=>2020-06-25 01:21:57 UTC, "custumer"=>"Erna O'Kon", "status"=>"canceled", "shipping_cost"=>68.09, "total"=>51.09, "item...
MONGODB | localhost:27017 | products_api_development.insert | SUCCEEDED | 0.000s
MONGODB | localhost:27017 | products_api_development.insert | STARTED | {"insert"=>"orders", "ordered"=>true, "documents"=>[{"_id"=>BSON::ObjectId('5efdd5f02f65586ae84a3a83'), "code"=>"pedido-40", "data"=>2020-06-23 21:51:38 UTC, "custumer"=>"Mrs. Loria Kozey", "status"=>"canceled", "shipping_cost"=>27.01, "total"=>48.09,...
MONGODB | localhost:27017 | products_api_development.insert | SUCCEEDED | 0.000s
MONGODB | localhost:27017 | products_api_development.insert | STARTED | {"insert"=>"orders", "ordered"=>true, "documents"=>[{"_id"=>BSON::ObjectId('5efdd5f02f65586ae84a3a85'), "code"=>"pedido-41", "data"=>2020-06-21 17:01:13 UTC, "custumer"=>"Ahmed O'Reilly", "status"=>"delivered", "shipping_cost"=>39.06, "total"=>35.08, ...
MONGODB | localhost:27017 | products_api_development.insert | SUCCEEDED | 0.000s
MONGODB | localhost:27017 | products_api_development.insert | STARTED | {"insert"=>"orders", "ordered"=>true, "documents"=>[{"_id"=>BSON::ObjectId('5efdd5f02f65586ae84a3a87'), "code"=>"pedido-42", "data"=>2020-06-20 04:45:40 UTC, "custumer"=>"Ethan Emard", "status"=>"canceled", "shipping_cost"=>63.09, "total"=>71.01, "ite...
MONGODB | localhost:27017 | products_api_development.insert | SUCCEEDED | 0.000s
MONGODB | localhost:27017 | products_api_development.insert | STARTED | {"insert"=>"orders", "ordered"=>true, "documents"=>[{"_id"=>BSON::ObjectId('5efdd5f02f65586ae84a3a89'), "code"=>"pedido-43", "data"=>2020-06-10 22:14:10 UTC, "custumer"=>"Truman Purdy", "status"=>"approved", "shipping_cost"=>60.03, "total"=>69.05, "it...
MONGODB | localhost:27017 | products_api_development.insert | SUCCEEDED | 0.000s
MONGODB | localhost:27017 | products_api_development.insert | STARTED | {"insert"=>"orders", "ordered"=>true, "documents"=>[{"_id"=>BSON::ObjectId('5efdd5f02f65586ae84a3a8b'), "code"=>"pedido-44", "data"=>2020-06-07 19:58:51 UTC, "custumer"=>"Miss Seymour Rau", "status"=>"delivered", "shipping_cost"=>53.06, "total"=>28.07...
MONGODB | localhost:27017 | products_api_development.insert | SUCCEEDED | 0.000s
MONGODB | localhost:27017 | products_api_development.insert | STARTED | {"insert"=>"orders", "ordered"=>true, "documents"=>[{"_id"=>BSON::ObjectId('5efdd5f02f65586ae84a3a8d'), "code"=>"pedido-45", "data"=>2020-06-04 22:58:44 UTC, "custumer"=>"Miesha Sauer", "status"=>"shipped", "shipping_cost"=>10.09, "total"=>63.09, "ite...
MONGODB | localhost:27017 | products_api_development.insert | SUCCEEDED | 0.000s
MONGODB | localhost:27017 | products_api_development.insert | STARTED | {"insert"=>"orders", "ordered"=>true, "documents"=>[{"_id"=>BSON::ObjectId('5efdd5f02f65586ae84a3a8f'), "code"=>"pedido-46", "data"=>2020-06-04 05:51:39 UTC, "custumer"=>"Yvone Wisozk", "status"=>"shipped", "shipping_cost"=>49.07, "total"=>95.07, "ite...
MONGODB | localhost:27017 | products_api_development.insert | SUCCEEDED | 0.000s
MONGODB | localhost:27017 | products_api_development.insert | STARTED | {"insert"=>"orders", "ordered"=>true, "documents"=>[{"_id"=>BSON::ObjectId('5efdd5f02f65586ae84a3a91'), "code"=>"pedido-47", "data"=>2020-06-26 08:29:51 UTC, "custumer"=>"Miss Rudy Botsford", "status"=>"approved", "shipping_cost"=>12.03, "total"=>57.0...
MONGODB | localhost:27017 | products_api_development.insert | SUCCEEDED | 0.000s
MONGODB | localhost:27017 | products_api_development.insert | STARTED | {"insert"=>"orders", "ordered"=>true, "documents"=>[{"_id"=>BSON::ObjectId('5efdd5f02f65586ae84a3a93'), "code"=>"pedido-48", "data"=>2020-06-21 21:49:51 UTC, "custumer"=>"Ms. William Mueller", "status"=>"new", "shipping_cost"=>12.06, "total"=>84.02, "...
MONGODB | localhost:27017 | products_api_development.insert | SUCCEEDED | 0.000s
MONGODB | localhost:27017 | products_api_development.insert | STARTED | {"insert"=>"orders", "ordered"=>true, "documents"=>[{"_id"=>BSON::ObjectId('5efdd5f02f65586ae84a3a95'), "code"=>"pedido-49", "data"=>2020-06-28 18:19:59 UTC, "custumer"=>"Keven Robel V", "status"=>"delivered", "shipping_cost"=>69.02, "total"=>67.07, "...
MONGODB | localhost:27017 | products_api_development.insert | SUCCEEDED | 0.000s
MONGODB | localhost:27017 | products_api_development.insert | STARTED | {"insert"=>"orders", "ordered"=>true, "documents"=>[{"_id"=>BSON::ObjectId('5efdd5f02f65586ae84a3a97'), "code"=>"pedido-50", "data"=>2020-06-04 00:31:11 UTC, "custumer"=>"Carlton Wisoky", "status"=>"delivered", "shipping_cost"=>93.01, "total"=>97.03, ...
MONGODB | localhost:27017 | products_api_development.insert | SUCCEEDED | 0.000s
MONGODB | localhost:27017 | products_api_development.insert | STARTED | {"insert"=>"orders", "ordered"=>true, "documents"=>[{"_id"=>BSON::ObjectId('5efdd5f02f65586ae84a3a99'), "code"=>"pedido-51", "data"=>2020-06-19 10:24:08 UTC, "custumer"=>"Mattie O'Reilly", "status"=>"canceled", "shipping_cost"=>79.07, "total"=>81.09, ...
MONGODB | localhost:27017 | products_api_development.insert | SUCCEEDED | 0.002s
MONGODB | localhost:27017 | products_api_development.insert | STARTED | {"insert"=>"orders", "ordered"=>true, "documents"=>[{"_id"=>BSON::ObjectId('5efdd5f02f65586ae84a3a9b'), "code"=>"pedido-52", "data"=>2020-06-30 17:20:31 UTC, "custumer"=>"Steve Rempel", "status"=>"delivered", "shipping_cost"=>55.03, "total"=>61.05, "i...
MONGODB | localhost:27017 | products_api_development.insert | SUCCEEDED | 0.000s
MONGODB | localhost:27017 | products_api_development.insert | STARTED | {"insert"=>"orders", "ordered"=>true, "documents"=>[{"_id"=>BSON::ObjectId('5efdd5f02f65586ae84a3a9d'), "code"=>"pedido-53", "data"=>2020-06-23 14:16:33 UTC, "custumer"=>"Ronny Kautzer", "status"=>"shipped", "shipping_cost"=>94.05, "total"=>48.04, "it...
MONGODB | localhost:27017 | products_api_development.insert | SUCCEEDED | 0.000s
MONGODB | localhost:27017 | products_api_development.insert | STARTED | {"insert"=>"orders", "ordered"=>true, "documents"=>[{"_id"=>BSON::ObjectId('5efdd5f02f65586ae84a3a9f'), "code"=>"pedido-54", "data"=>2020-07-02 07:00:03 UTC, "custumer"=>"Concepcion Hoeger", "status"=>"shipped", "shipping_cost"=>10.05, "total"=>87.03,...
MONGODB | localhost:27017 | products_api_development.insert | SUCCEEDED | 0.000s
MONGODB | localhost:27017 | products_api_development.insert | STARTED | {"insert"=>"orders", "ordered"=>true, "documents"=>[{"_id"=>BSON::ObjectId('5efdd5f02f65586ae84a3aa1'), "code"=>"pedido-55", "data"=>2020-06-26 12:50:25 UTC, "custumer"=>"Socorro Mohr", "status"=>"approved", "shipping_cost"=>24.04, "total"=>17.05, "it...
MONGODB | localhost:27017 | products_api_development.insert | SUCCEEDED | 0.000s
MONGODB | localhost:27017 | products_api_development.insert | STARTED | {"insert"=>"orders", "ordered"=>true, "documents"=>[{"_id"=>BSON::ObjectId('5efdd5f02f65586ae84a3aa3'), "code"=>"pedido-56", "data"=>2020-06-28 10:41:06 UTC, "custumer"=>"Floria Mills MD", "status"=>"new", "shipping_cost"=>48.05, "total"=>51.09, "item...
MONGODB | localhost:27017 | products_api_development.insert | SUCCEEDED | 0.000s
MONGODB | localhost:27017 | products_api_development.insert | STARTED | {"insert"=>"orders", "ordered"=>true, "documents"=>[{"_id"=>BSON::ObjectId('5efdd5f02f65586ae84a3aa5'), "code"=>"pedido-57", "data"=>2020-06-18 09:29:48 UTC, "custumer"=>"Mr. Salvador Dicki", "status"=>"canceled", "shipping_cost"=>18.08, "total"=>48.0...
MONGODB | localhost:27017 | products_api_development.insert | SUCCEEDED | 0.000s
MONGODB | localhost:27017 | products_api_development.insert | STARTED | {"insert"=>"orders", "ordered"=>true, "documents"=>[{"_id"=>BSON::ObjectId('5efdd5f02f65586ae84a3aa7'), "code"=>"pedido-58", "data"=>2020-06-02 19:21:34 UTC, "custumer"=>"Ike Fahey", "status"=>"delivered", "shipping_cost"=>62.04, "total"=>65.06, "item...
MONGODB | localhost:27017 | products_api_development.insert | SUCCEEDED | 0.000s
MONGODB | localhost:27017 | products_api_development.insert | STARTED | {"insert"=>"orders", "ordered"=>true, "documents"=>[{"_id"=>BSON::ObjectId('5efdd5f02f65586ae84a3aa9'), "code"=>"pedido-59", "data"=>2020-06-17 06:11:04 UTC, "custumer"=>"Ms. Anastacia Franecki", "status"=>"shipped", "shipping_cost"=>19.02, "total"=>5...
MONGODB | localhost:27017 | products_api_development.insert | SUCCEEDED | 0.000s
MONGODB | localhost:27017 | products_api_development.insert | STARTED | {"insert"=>"orders", "ordered"=>true, "documents"=>[{"_id"=>BSON::ObjectId('5efdd5f02f65586ae84a3aab'), "code"=>"pedido-60", "data"=>2020-06-15 08:38:28 UTC, "custumer"=>"Marjorie Rau MD", "status"=>"delivered", "shipping_cost"=>36.02, "total"=>58.06,...
MONGODB | localhost:27017 | products_api_development.insert | SUCCEEDED | 0.000s
MONGODB | localhost:27017 | products_api_development.insert | STARTED | {"insert"=>"orders", "ordered"=>true, "documents"=>[{"_id"=>BSON::ObjectId('5efdd5f02f65586ae84a3aad'), "code"=>"pedido-61", "data"=>2020-06-28 02:03:22 UTC, "custumer"=>"Mrs. Maragret Murazik", "status"=>"shipped", "shipping_cost"=>35.01, "total"=>21...
MONGODB | localhost:27017 | products_api_development.insert | SUCCEEDED | 0.000s
MONGODB | localhost:27017 | products_api_development.insert | STARTED | {"insert"=>"orders", "ordered"=>true, "documents"=>[{"_id"=>BSON::ObjectId('5efdd5f02f65586ae84a3aaf'), "code"=>"pedido-62", "data"=>2020-06-23 10:17:18 UTC, "custumer"=>"Keli Jacobson", "status"=>"canceled", "shipping_cost"=>96.07, "total"=>87.04, "i...
MONGODB | localhost:27017 | products_api_development.insert | SUCCEEDED | 0.000s
MONGODB | localhost:27017 | products_api_development.insert | STARTED | {"insert"=>"orders", "ordered"=>true, "documents"=>[{"_id"=>BSON::ObjectId('5efdd5f02f65586ae84a3ab1'), "code"=>"pedido-63", "data"=>2020-06-29 02:18:22 UTC, "custumer"=>"Angel Lang", "status"=>"approved", "shipping_cost"=>62.09, "total"=>20.03, "item...
MONGODB | localhost:27017 | products_api_development.insert | SUCCEEDED | 0.000s
MONGODB | localhost:27017 | products_api_development.insert | STARTED | {"insert"=>"orders", "ordered"=>true, "documents"=>[{"_id"=>BSON::ObjectId('5efdd5f02f65586ae84a3ab3'), "code"=>"pedido-64", "data"=>2020-06-05 23:58:14 UTC, "custumer"=>"Lemuel Boyer", "status"=>"approved", "shipping_cost"=>35.09, "total"=>74.01, "it...
MONGODB | localhost:27017 | products_api_development.insert | SUCCEEDED | 0.000s
MONGODB | localhost:27017 | products_api_development.insert | STARTED | {"insert"=>"orders", "ordered"=>true, "documents"=>[{"_id"=>BSON::ObjectId('5efdd5f02f65586ae84a3ab5'), "code"=>"pedido-65", "data"=>2020-06-20 23:33:53 UTC, "custumer"=>"Jonas Walker DVM", "status"=>"delivered", "shipping_cost"=>82.01, "total"=>25.09...
MONGODB | localhost:27017 | products_api_development.insert | SUCCEEDED | 0.000s
MONGODB | localhost:27017 | products_api_development.insert | STARTED | {"insert"=>"orders", "ordered"=>true, "documents"=>[{"_id"=>BSON::ObjectId('5efdd5f02f65586ae84a3ab7'), "code"=>"pedido-66", "data"=>2020-06-09 11:11:10 UTC, "custumer"=>"Ms. Verdell Goyette", "status"=>"canceled", "shipping_cost"=>70.06, "total"=>38....
MONGODB | localhost:27017 | products_api_development.insert | SUCCEEDED | 0.000s
MONGODB | localhost:27017 | products_api_development.insert | STARTED | {"insert"=>"orders", "ordered"=>true, "documents"=>[{"_id"=>BSON::ObjectId('5efdd5f02f65586ae84a3ab9'), "code"=>"pedido-67", "data"=>2020-06-14 06:25:16 UTC, "custumer"=>"Hilario Baumbach", "status"=>"approved", "shipping_cost"=>72.02, "total"=>92.03,...
MONGODB | localhost:27017 | products_api_development.insert | SUCCEEDED | 0.000s
MONGODB | localhost:27017 | products_api_development.insert | STARTED | {"insert"=>"orders", "ordered"=>true, "documents"=>[{"_id"=>BSON::ObjectId('5efdd5f02f65586ae84a3abb'), "code"=>"pedido-68", "data"=>2020-06-27 10:12:38 UTC, "custumer"=>"Marvis Bashirian", "status"=>"new", "shipping_cost"=>92.01, "total"=>76.07, "ite...
MONGODB | localhost:27017 | products_api_development.insert | SUCCEEDED | 0.000s
MONGODB | localhost:27017 | products_api_development.insert | STARTED | {"insert"=>"orders", "ordered"=>true, "documents"=>[{"_id"=>BSON::ObjectId('5efdd5f02f65586ae84a3abd'), "code"=>"pedido-69", "data"=>2020-06-20 08:06:31 UTC, "custumer"=>"Lucia Olson III", "status"=>"approved", "shipping_cost"=>61.09, "total"=>38.07, ...
MONGODB | localhost:27017 | products_api_development.insert | SUCCEEDED | 0.000s
MONGODB | localhost:27017 | products_api_development.insert | STARTED | {"insert"=>"orders", "ordered"=>true, "documents"=>[{"_id"=>BSON::ObjectId('5efdd5f02f65586ae84a3abf'), "code"=>"pedido-70", "data"=>2020-06-04 15:50:09 UTC, "custumer"=>"Michal Reynolds", "status"=>"delivered", "shipping_cost"=>48.05, "total"=>96.05,...
MONGODB | localhost:27017 | products_api_development.insert | SUCCEEDED | 0.000s
MONGODB | localhost:27017 | products_api_development.insert | STARTED | {"insert"=>"orders", "ordered"=>true, "documents"=>[{"_id"=>BSON::ObjectId('5efdd5f02f65586ae84a3ac1'), "code"=>"pedido-71", "data"=>2020-06-08 10:06:55 UTC, "custumer"=>"Mohammad Rippin", "status"=>"approved", "shipping_cost"=>56.06, "total"=>88.05, ...
MONGODB | localhost:27017 | products_api_development.insert | SUCCEEDED | 0.000s
MONGODB | localhost:27017 | products_api_development.insert | STARTED | {"insert"=>"orders", "ordered"=>true, "documents"=>[{"_id"=>BSON::ObjectId('5efdd5f02f65586ae84a3ac3'), "code"=>"pedido-72", "data"=>2020-06-13 01:01:24 UTC, "custumer"=>"Nerissa Rempel", "status"=>"canceled", "shipping_cost"=>42.02, "total"=>95.02, "...
MONGODB | localhost:27017 | products_api_development.insert | SUCCEEDED | 0.000s
MONGODB | localhost:27017 | products_api_development.insert | STARTED | {"insert"=>"orders", "ordered"=>true, "documents"=>[{"_id"=>BSON::ObjectId('5efdd5f02f65586ae84a3ac5'), "code"=>"pedido-73", "data"=>2020-06-27 05:44:01 UTC, "custumer"=>"Ruthanne Anderson", "status"=>"delivered", "shipping_cost"=>85.04, "total"=>29.0...
MONGODB | localhost:27017 | products_api_development.insert | SUCCEEDED | 0.000s
MONGODB | localhost:27017 | products_api_development.insert | STARTED | {"insert"=>"orders", "ordered"=>true, "documents"=>[{"_id"=>BSON::ObjectId('5efdd5f02f65586ae84a3ac7'), "code"=>"pedido-74", "data"=>2020-06-20 12:49:04 UTC, "custumer"=>"Mrs. Era Cormier", "status"=>"approved", "shipping_cost"=>92.07, "total"=>21.02,...
MONGODB | localhost:27017 | products_api_development.insert | SUCCEEDED | 0.000s
MONGODB | localhost:27017 | products_api_development.insert | STARTED | {"insert"=>"orders", "ordered"=>true, "documents"=>[{"_id"=>BSON::ObjectId('5efdd5f02f65586ae84a3ac9'), "code"=>"pedido-75", "data"=>2020-06-21 18:52:57 UTC, "custumer"=>"Clifton Heller", "status"=>"new", "shipping_cost"=>86.01, "total"=>48.02, "items...
MONGODB | localhost:27017 | products_api_development.insert | SUCCEEDED | 0.000s
MONGODB | localhost:27017 | products_api_development.insert | STARTED | {"insert"=>"orders", "ordered"=>true, "documents"=>[{"_id"=>BSON::ObjectId('5efdd5f02f65586ae84a3acb'), "code"=>"pedido-76", "data"=>2020-06-14 03:01:10 UTC, "custumer"=>"Lynn Braun", "status"=>"approved", "shipping_cost"=>82.08, "total"=>29.02, "item...
MONGODB | localhost:27017 | products_api_development.insert | SUCCEEDED | 0.000s
MONGODB | localhost:27017 | products_api_development.insert | STARTED | {"insert"=>"orders", "ordered"=>true, "documents"=>[{"_id"=>BSON::ObjectId('5efdd5f02f65586ae84a3acd'), "code"=>"pedido-77", "data"=>2020-06-20 18:45:21 UTC, "custumer"=>"Regan Pfeffer", "status"=>"canceled", "shipping_cost"=>90.08, "total"=>52.08, "i...
MONGODB | localhost:27017 | products_api_development.insert | SUCCEEDED | 0.000s
MONGODB | localhost:27017 | products_api_development.insert | STARTED | {"insert"=>"orders", "ordered"=>true, "documents"=>[{"_id"=>BSON::ObjectId('5efdd5f02f65586ae84a3acf'), "code"=>"pedido-78", "data"=>2020-06-25 23:33:46 UTC, "custumer"=>"Ms. Judy Tillman", "status"=>"shipped", "shipping_cost"=>82.03, "total"=>59.06, ...
MONGODB | localhost:27017 | products_api_development.insert | SUCCEEDED | 0.001s
MONGODB | localhost:27017 | products_api_development.insert | STARTED | {"insert"=>"orders", "ordered"=>true, "documents"=>[{"_id"=>BSON::ObjectId('5efdd5f02f65586ae84a3ad1'), "code"=>"pedido-79", "data"=>2020-06-16 02:05:53 UTC, "custumer"=>"Stevie Schaefer", "status"=>"approved", "shipping_cost"=>15.06, "total"=>52.01, ...
MONGODB | localhost:27017 | products_api_development.insert | SUCCEEDED | 0.000s
MONGODB | localhost:27017 | products_api_development.insert | STARTED | {"insert"=>"orders", "ordered"=>true, "documents"=>[{"_id"=>BSON::ObjectId('5efdd5f02f65586ae84a3ad3'), "code"=>"pedido-80", "data"=>2020-06-22 19:42:26 UTC, "custumer"=>"Frederic Gislason", "status"=>"shipped", "shipping_cost"=>37.03, "total"=>59.07,...
MONGODB | localhost:27017 | products_api_development.insert | SUCCEEDED | 0.000s
MONGODB | localhost:27017 | products_api_development.insert | STARTED | {"insert"=>"orders", "ordered"=>true, "documents"=>[{"_id"=>BSON::ObjectId('5efdd5f02f65586ae84a3ad5'), "code"=>"pedido-81", "data"=>2020-06-17 17:54:56 UTC, "custumer"=>"Miss Eugenia Robel", "status"=>"approved", "shipping_cost"=>57.08, "total"=>98.0...
MONGODB | localhost:27017 | products_api_development.insert | SUCCEEDED | 0.000s
MONGODB | localhost:27017 | products_api_development.insert | STARTED | {"insert"=>"orders", "ordered"=>true, "documents"=>[{"_id"=>BSON::ObjectId('5efdd5f02f65586ae84a3ad7'), "code"=>"pedido-82", "data"=>2020-06-12 06:41:14 UTC, "custumer"=>"Bryon Kirlin", "status"=>"delivered", "shipping_cost"=>91.03, "total"=>89.05, "i...
MONGODB | localhost:27017 | products_api_development.insert | SUCCEEDED | 0.000s
MONGODB | localhost:27017 | products_api_development.insert | STARTED | {"insert"=>"orders", "ordered"=>true, "documents"=>[{"_id"=>BSON::ObjectId('5efdd5f02f65586ae84a3ad9'), "code"=>"pedido-83", "data"=>2020-06-29 09:34:18 UTC, "custumer"=>"Miss Eric Hand", "status"=>"canceled", "shipping_cost"=>64.04, "total"=>47.02, "...
MONGODB | localhost:27017 | products_api_development.insert | SUCCEEDED | 0.000s
MONGODB | localhost:27017 | products_api_development.insert | STARTED | {"insert"=>"orders", "ordered"=>true, "documents"=>[{"_id"=>BSON::ObjectId('5efdd5f02f65586ae84a3adb'), "code"=>"pedido-84", "data"=>2020-06-09 10:55:52 UTC, "custumer"=>"Carolyne Hayes", "status"=>"canceled", "shipping_cost"=>12.04, "total"=>38.07, "...
MONGODB | localhost:27017 | products_api_development.insert | SUCCEEDED | 0.000s
MONGODB | localhost:27017 | products_api_development.insert | STARTED | {"insert"=>"orders", "ordered"=>true, "documents"=>[{"_id"=>BSON::ObjectId('5efdd5f02f65586ae84a3add'), "code"=>"pedido-85", "data"=>2020-06-18 12:29:34 UTC, "custumer"=>"Lucrecia Schaden", "status"=>"approved", "shipping_cost"=>99.05, "total"=>59.06,...
MONGODB | localhost:27017 | products_api_development.insert | SUCCEEDED | 0.000s
MONGODB | localhost:27017 | products_api_development.insert | STARTED | {"insert"=>"orders", "ordered"=>true, "documents"=>[{"_id"=>BSON::ObjectId('5efdd5f02f65586ae84a3adf'), "code"=>"pedido-86", "data"=>2020-06-19 23:34:43 UTC, "custumer"=>"Mr. Laveta Yundt", "status"=>"canceled", "shipping_cost"=>32.08, "total"=>52.02,...
MONGODB | localhost:27017 | products_api_development.insert | SUCCEEDED | 0.000s
MONGODB | localhost:27017 | products_api_development.insert | STARTED | {"insert"=>"orders", "ordered"=>true, "documents"=>[{"_id"=>BSON::ObjectId('5efdd5f02f65586ae84a3ae1'), "code"=>"pedido-87", "data"=>2020-06-19 20:11:09 UTC, "custumer"=>"Seymour Hamill", "status"=>"canceled", "shipping_cost"=>87.02, "total"=>21.04, "...
MONGODB | localhost:27017 | products_api_development.insert | SUCCEEDED | 0.000s
MONGODB | localhost:27017 | products_api_development.insert | STARTED | {"insert"=>"orders", "ordered"=>true, "documents"=>[{"_id"=>BSON::ObjectId('5efdd5f02f65586ae84a3ae3'), "code"=>"pedido-88", "data"=>2020-06-23 13:40:55 UTC, "custumer"=>"Evan Brekke", "status"=>"approved", "shipping_cost"=>36.05, "total"=>58.01, "ite...
MONGODB | localhost:27017 | products_api_development.insert | SUCCEEDED | 0.000s
MONGODB | localhost:27017 | products_api_development.insert | STARTED | {"insert"=>"orders", "ordered"=>true, "documents"=>[{"_id"=>BSON::ObjectId('5efdd5f02f65586ae84a3ae5'), "code"=>"pedido-89", "data"=>2020-07-01 07:41:20 UTC, "custumer"=>"Cora Christiansen", "status"=>"canceled", "shipping_cost"=>87.03, "total"=>98.05...
MONGODB | localhost:27017 | products_api_development.insert | SUCCEEDED | 0.000s
MONGODB | localhost:27017 | products_api_development.insert | STARTED | {"insert"=>"orders", "ordered"=>true, "documents"=>[{"_id"=>BSON::ObjectId('5efdd5f02f65586ae84a3ae7'), "code"=>"pedido-90", "data"=>2020-06-06 01:24:15 UTC, "custumer"=>"Bee Hodkiewicz", "status"=>"canceled", "shipping_cost"=>74.06, "total"=>82.04, "...
MONGODB | localhost:27017 | products_api_development.insert | SUCCEEDED | 0.000s
MONGODB | localhost:27017 | products_api_development.insert | STARTED | {"insert"=>"orders", "ordered"=>true, "documents"=>[{"_id"=>BSON::ObjectId('5efdd5f02f65586ae84a3ae9'), "code"=>"pedido-91", "data"=>2020-06-04 02:39:44 UTC, "custumer"=>"Jaime Rau Sr.", "status"=>"approved", "shipping_cost"=>81.01, "total"=>22.09, "i...
MONGODB | localhost:27017 | products_api_development.insert | SUCCEEDED | 0.000s
MONGODB | localhost:27017 | products_api_development.insert | STARTED | {"insert"=>"orders", "ordered"=>true, "documents"=>[{"_id"=>BSON::ObjectId('5efdd5f02f65586ae84a3aeb'), "code"=>"pedido-92", "data"=>2020-06-15 08:38:14 UTC, "custumer"=>"Thelma Blick", "status"=>"approved", "shipping_cost"=>19.05, "total"=>11.08, "it...
MONGODB | localhost:27017 | products_api_development.insert | SUCCEEDED | 0.000s
MONGODB | localhost:27017 | products_api_development.insert | STARTED | {"insert"=>"orders", "ordered"=>true, "documents"=>[{"_id"=>BSON::ObjectId('5efdd5f02f65586ae84a3aed'), "code"=>"pedido-93", "data"=>2020-06-19 13:41:52 UTC, "custumer"=>"Jaqueline Cartwright PhD", "status"=>"canceled", "shipping_cost"=>15.07, "total"...
MONGODB | localhost:27017 | products_api_development.insert | SUCCEEDED | 0.000s
MONGODB | localhost:27017 | products_api_development.insert | STARTED | {"insert"=>"orders", "ordered"=>true, "documents"=>[{"_id"=>BSON::ObjectId('5efdd5f02f65586ae84a3aef'), "code"=>"pedido-94", "data"=>2020-06-15 02:55:14 UTC, "custumer"=>"Humberto Corwin PhD", "status"=>"approved", "shipping_cost"=>91.01, "total"=>52....
MONGODB | localhost:27017 | products_api_development.insert | SUCCEEDED | 0.000s
MONGODB | localhost:27017 | products_api_development.insert | STARTED | {"insert"=>"orders", "ordered"=>true, "documents"=>[{"_id"=>BSON::ObjectId('5efdd5f02f65586ae84a3af1'), "code"=>"pedido-95", "data"=>2020-06-10 06:04:44 UTC, "custumer"=>"Dinah Armstrong", "status"=>"new", "shipping_cost"=>42.06, "total"=>32.06, "item...
MONGODB | localhost:27017 | products_api_development.insert | SUCCEEDED | 0.000s
MONGODB | localhost:27017 | products_api_development.insert | STARTED | {"insert"=>"orders", "ordered"=>true, "documents"=>[{"_id"=>BSON::ObjectId('5efdd5f02f65586ae84a3af3'), "code"=>"pedido-96", "data"=>2020-06-13 08:43:36 UTC, "custumer"=>"Melita Kemmer", "status"=>"delivered", "shipping_cost"=>51.06, "total"=>78.01, "...
MONGODB | localhost:27017 | products_api_development.insert | SUCCEEDED | 0.000s
MONGODB | localhost:27017 | products_api_development.insert | STARTED | {"insert"=>"orders", "ordered"=>true, "documents"=>[{"_id"=>BSON::ObjectId('5efdd5f02f65586ae84a3af5'), "code"=>"pedido-97", "data"=>2020-06-06 23:30:45 UTC, "custumer"=>"Ronald Nienow", "status"=>"approved", "shipping_cost"=>54.09, "total"=>75.07, "i...
MONGODB | localhost:27017 | products_api_development.insert | SUCCEEDED | 0.000s
MONGODB | localhost:27017 | products_api_development.insert | STARTED | {"insert"=>"orders", "ordered"=>true, "documents"=>[{"_id"=>BSON::ObjectId('5efdd5f02f65586ae84a3af7'), "code"=>"pedido-98", "data"=>2020-06-26 22:50:48 UTC, "custumer"=>"Marlena Schuppe", "status"=>"approved", "shipping_cost"=>75.04, "total"=>16.03, ...
MONGODB | localhost:27017 | products_api_development.insert | SUCCEEDED | 0.000s
MONGODB | localhost:27017 | products_api_development.insert | STARTED | {"insert"=>"orders", "ordered"=>true, "documents"=>[{"_id"=>BSON::ObjectId('5efdd5f02f65586ae84a3af9'), "code"=>"pedido-99", "data"=>2020-06-24 19:18:45 UTC, "custumer"=>"Asuncion Adams", "status"=>"shipped", "shipping_cost"=>98.01, "total"=>85.03, "i...
MONGODB | localhost:27017 | products_api_development.insert | SUCCEEDED | 0.000s
MONGODB | localhost:27017 | products_api_development.insert | STARTED | {"insert"=>"orders", "ordered"=>true, "documents"=>[{"_id"=>BSON::ObjectId('5efdd5f02f65586ae84a3afb'), "code"=>"pedido-100", "data"=>2020-06-30 10:21:28 UTC, "custumer"=>"Francoise Gottlieb", "status"=>"approved", "shipping_cost"=>82.04, "total"=>32....
MONGODB | localhost:27017 | products_api_development.insert | SUCCEEDED | 0.000s
MONGODB | localhost:27017 | admin.endSessions | STARTED | {"endSessions"=>[{"id"=><BSON::Binary:0x47391720038080 type=uuid data=0x36e1b09493244f68...>}]}
MONGODB | localhost:27017 | admin.endSessions | SUCCEEDED | 0.000s
Started GET "/" for ::1 at 2020-07-02 09:43:35 -0300
Processing by Rails::WelcomeController#index as HTML
  Rendering vendor/ruby/2.5.0/gems/railties-5.2.3/lib/rails/templates/rails/welcome/index.html.erb
  Rendered vendor/ruby/2.5.0/gems/railties-5.2.3/lib/rails/templates/rails/welcome/index.html.erb (1.9ms)
Completed 200 OK in 5ms (Views: 4.3ms)


Started GET "/favicon.ico" for ::1 at 2020-07-02 09:43:35 -0300
  
ActionController::RoutingError (No route matches [GET] "/favicon.ico"):
  
vendor/ruby/2.5.0/gems/actionpack-5.2.3/lib/action_dispatch/middleware/debug_exceptions.rb:65:in `call'
vendor/ruby/2.5.0/gems/actionpack-5.2.3/lib/action_dispatch/middleware/show_exceptions.rb:33:in `call'
vendor/ruby/2.5.0/gems/railties-5.2.3/lib/rails/rack/logger.rb:38:in `call_app'
vendor/ruby/2.5.0/gems/railties-5.2.3/lib/rails/rack/logger.rb:26:in `block in call'
vendor/ruby/2.5.0/gems/activesupport-5.2.3/lib/active_support/tagged_logging.rb:71:in `block in tagged'
vendor/ruby/2.5.0/gems/activesupport-5.2.3/lib/active_support/tagged_logging.rb:28:in `tagged'
vendor/ruby/2.5.0/gems/activesupport-5.2.3/lib/active_support/tagged_logging.rb:71:in `tagged'
vendor/ruby/2.5.0/gems/railties-5.2.3/lib/rails/rack/logger.rb:26:in `call'
vendor/ruby/2.5.0/gems/actionpack-5.2.3/lib/action_dispatch/middleware/remote_ip.rb:81:in `call'
vendor/ruby/2.5.0/gems/actionpack-5.2.3/lib/action_dispatch/middleware/request_id.rb:27:in `call'
vendor/ruby/2.5.0/gems/rack-2.0.7/lib/rack/runtime.rb:22:in `call'
vendor/ruby/2.5.0/gems/activesupport-5.2.3/lib/active_support/cache/strategy/local_cache_middleware.rb:29:in `call'
vendor/ruby/2.5.0/gems/actionpack-5.2.3/lib/action_dispatch/middleware/executor.rb:14:in `call'
vendor/ruby/2.5.0/gems/actionpack-5.2.3/lib/action_dispatch/middleware/static.rb:127:in `call'
vendor/ruby/2.5.0/gems/rack-2.0.7/lib/rack/sendfile.rb:111:in `call'
vendor/ruby/2.5.0/gems/railties-5.2.3/lib/rails/engine.rb:524:in `call'
vendor/ruby/2.5.0/gems/puma-3.12.1/lib/puma/configuration.rb:227:in `call'
vendor/ruby/2.5.0/gems/puma-3.12.1/lib/puma/server.rb:660:in `handle_request'
vendor/ruby/2.5.0/gems/puma-3.12.1/lib/puma/server.rb:474:in `process_client'
vendor/ruby/2.5.0/gems/puma-3.12.1/lib/puma/server.rb:334:in `block in run'
vendor/ruby/2.5.0/gems/puma-3.12.1/lib/puma/thread_pool.rb:135:in `block in spawn_thread'
Started GET "/products" for ::1 at 2020-07-02 09:43:52 -0300
Processing by ProductsController#index as HTML
MONGODB | EVENT: #<TopologyOpening topology=Unknown[]>
MONGODB | Topology type 'unknown' initializing.
MONGODB | EVENT: #<TopologyChanged prev=Unknown[] new=Unknown[localhost:27017]>
MONGODB | Topology type 'Unknown' changed to type 'Unknown'.
MONGODB | EVENT: #<ServerOpening address=localhost:27017 topology=Unknown[localhost:27017]>
MONGODB | Server localhost:27017 initializing.
MONGODB | EVENT: #<ServerDescriptionChanged address=localhost:27017 topology=Single[localhost:27017] prev=#<Mongo::Server:Description:0x47238669122560 config={} average_round_trip_time=> new=#<Mongo::Server:Description:0x47238669393120 config={"ismaster"=>true, "maxBsonObjectSize"=>16777216, "maxMessageSizeBytes"=>48000000, "maxWriteBatchSize"=>100000, "localTime"=>2020-07-02 12:43:52 UTC, "logicalSessionTimeoutMinutes"=>30, "minWireVersion"=>0, "maxWireVersion"=>6, "readOnly"=>false, "ok"=>1.0} average_round_trip_time=0.001098268>>
MONGODB | Server description for localhost:27017 changed from 'unknown' to 'standalone'.
MONGODB | EVENT: #<TopologyChanged prev=Unknown[localhost:27017] new=Single[localhost:27017]>
MONGODB | Topology type 'Unknown' changed to type 'Single'.
MONGODB | localhost:27017 | products_api_development.find | STARTED | {"find"=>"products", "filter"=>{}, "lsid"=>{"id"=><BSON::Binary:0x47238668884780 type=uuid data=0xf55a7eb25f0341e0...>}}
MONGODB | localhost:27017 | products_api_development.find | SUCCEEDED | 0.039s
Completed 200 OK in 82ms (Views: 72.4ms)


Started GET "/reports" for ::1 at 2020-07-02 09:55:08 -0300
Processing by ReportsController#index as */*
MONGODB | localhost:27017 | products_api_development.find | STARTED | {"find"=>"orders", "filter"=>{"data"=>{"$gt"=>nil, "$lt"=>nil}}, "lsid"=>{"id"=><BSON::Binary:0x47238668884780 type=uuid data=0xf55a7eb25f0341e0...>}}
MONGODB | localhost:27017 | products_api_development.find | SUCCEEDED | 0.013s
Completed 422 Unprocessable Entity in 20ms (Views: 0.2ms)


Started GET "/products" for ::1 at 2020-07-02 09:58:09 -0300
Processing by ProductsController#index as */*
MONGODB | localhost:27017 | products_api_development.find | STARTED | {"find"=>"products", "filter"=>{}, "lsid"=>{"id"=><BSON::Binary:0x47238668884780 type=uuid data=0xf55a7eb25f0341e0...>}}
MONGODB | localhost:27017 | products_api_development.find | SUCCEEDED | 0.001s
Completed 200 OK in 34ms (Views: 33.4ms)


Started GET "/products/teste04" for ::1 at 2020-07-02 09:58:39 -0300
Processing by ProductsController#show as */*
  Parameters: {"id"=>"teste04"}
MONGODB | localhost:27017 | products_api_development.find | STARTED | {"find"=>"products", "filter"=>{"sku"=>"teste04"}, "lsid"=>{"id"=><BSON::Binary:0x47238668884780 type=uuid data=0xf55a7eb25f0341e0...>}}
MONGODB | localhost:27017 | products_api_development.find | SUCCEEDED | 0.000s
Completed 200 OK in 3ms (Views: 0.4ms)


MONGODB | localhost:27017 | admin.endSessions | STARTED | {"endSessions"=>[{"id"=><BSON::Binary:0x47238668884780 type=uuid data=0xf55a7eb25f0341e0...>}]}
MONGODB | localhost:27017 | admin.endSessions | SUCCEEDED | 0.000s
Started GET "/products/teste04" for ::1 at 2020-07-02 12:53:04 -0300
Processing by ProductsController#show as */*
  Parameters: {"id"=>"teste04"}
MONGODB | EVENT: #<TopologyOpening topology=Unknown[]>
MONGODB | Topology type 'unknown' initializing.
MONGODB | EVENT: #<TopologyChanged prev=Unknown[] new=Unknown[localhost:27017]>
MONGODB | Topology type 'Unknown' changed to type 'Unknown'.
MONGODB | EVENT: #<ServerOpening address=localhost:27017 topology=Unknown[localhost:27017]>
MONGODB | Server localhost:27017 initializing.
MONGODB | EVENT: #<ServerDescriptionChanged address=localhost:27017 topology=Single[localhost:27017] prev=#<Mongo::Server:Description:0x47072819793260 config={} average_round_trip_time=> new=#<Mongo::Server:Description:0x47072819715280 config={"ismaster"=>true, "maxBsonObjectSize"=>16777216, "maxMessageSizeBytes"=>48000000, "maxWriteBatchSize"=>100000, "localTime"=>2020-07-02 15:53:04 UTC, "logicalSessionTimeoutMinutes"=>30, "minWireVersion"=>0, "maxWireVersion"=>6, "readOnly"=>false, "ok"=>1.0} average_round_trip_time=0.003916367>>
MONGODB | Server description for localhost:27017 changed from 'unknown' to 'standalone'.
MONGODB | EVENT: #<TopologyChanged prev=Unknown[localhost:27017] new=Single[localhost:27017]>
MONGODB | Topology type 'Unknown' changed to type 'Single'.
MONGODB | localhost:27017 | products_api_development.find | STARTED | {"find"=>"products", "filter"=>{"sku"=>"teste04"}, "lsid"=>{"id"=><BSON::Binary:0x47072819709000 type=uuid data=0xfc6171840b274471...>}}
MONGODB | localhost:27017 | products_api_development.find | SUCCEEDED | 0.001s
Completed 200 OK in 35ms (Views: 0.7ms)


